#
# There is insufficient memory for the Java Runtime Environment to continue.
# Native memory allocation (malloc) failed to allocate 827216 bytes for Chunk::new
# Possible reasons:
#   The system is out of physical RAM or swap space
#   The process is running with CompressedOops enabled, and the Java Heap may be blocking the growth of the native heap
# Possible solutions:
#   Reduce memory load on the system
#   Increase physical memory or swap space
#   Check if swap backing store is full
#   Decrease Java heap size (-Xmx/-Xms)
#   Decrease number of Java threads
#   Decrease Java thread stack sizes (-Xss)
#   Set larger code cache with -XX:ReservedCodeCacheSize=
#   JVM is running with Unscaled Compressed Oops mode in which the Java heap is
#     placed in the first 4GB address space. The Java Heap base address is the
#     maximum limit for the native heap growth. Please use -XX:HeapBaseMinAddress
#     to set the Java Heap base and to place the Java Heap above 4GB virtual address.
# This output file may be truncated or incomplete.
#
#  Out of Memory Error (t:/workspace/open/src/hotspot/share/memory/arena.cpp:197), pid=16956, tid=18284
#
# JRE version: Java(TM) SE Runtime Environment (11.0.2+9) (build 11.0.2+9-LTS)
# Java VM: Java HotSpot(TM) 64-Bit Server VM (11.0.2+9-LTS, mixed mode, tiered, compressed oops, g1 gc, windows-amd64)
# No core dump will be written. Minidumps are not enabled by default on client versions of Windows
#

---------------  S U M M A R Y ------------

Command Line: -Dmaven.multiModuleProjectDirectory=D:\IdeaProjects\tll_ssm -Dmaven.multiModuleProjectDirectory=$M2_HOME -Dmaven.home=D:\Develope\maven\apache-maven-3.5.2 -Dclassworlds.conf=D:\Develope\maven\apache-maven-3.5.2\bin\m2.conf -javaagent:D:\IDEA\IntelliJ IDEA 2018.3.6\lib\idea_rt.jar=61859:D:\IDEA\IntelliJ IDEA 2018.3.6\bin -Dfile.encoding=UTF-8 -Djava.net.preferIPv4Stack=true org.codehaus.classworlds.Launcher -Didea.version=2018.3.6 -s D:\Develope\maven\apache-maven-3.5.2\conf\settings.xml -Dmaven.repo.local=D:\Develope\my_jar\maven_repository install

Host: Intel(R) Core(TM) i5-8265U CPU @ 1.60GHz, 8 cores, 7G,  Windows 10 , 64 bit Build 18362 (10.0.18362.329)
Time: Tue Mar 31 19:47:50 2020 ?D1¨²¡À¨º¡Á?¨º¡À?? elapsed time: 24 seconds (0d 0h 0m 24s)

---------------  T H R E A D  ---------------

Current thread (0x000002782112c000):  JavaThread "C2 CompilerThread0" daemon [_thread_in_native, id=18284, stack(0x000000d1ffa00000,0x000000d1ffb00000)]


Current CompileTask:
C2:  24398 5762 % !   4       java.util.jar.Attributes::read @ 185 (388 bytes)

Stack: [0x000000d1ffa00000,0x000000d1ffb00000]
Native frames: (J=compiled Java code, j=interpreted, Vv=VM code, C=native code)
V  [jvm.dll+0x63574a]
V  [jvm.dll+0x77326f]
V  [jvm.dll+0x77491a]
V  [jvm.dll+0x774fd3]
V  [jvm.dll+0x25e418]
V  [jvm.dll+0xc2141]
V  [jvm.dll+0xc26dc]
V  [jvm.dll+0x2cf274]
V  [jvm.dll+0x55235f]
V  [jvm.dll+0x21a38f]
V  [jvm.dll+0x2172c6]
V  [jvm.dll+0x194200]
V  [jvm.dll+0x2263af]
V  [jvm.dll+0x2249b8]
V  [jvm.dll+0x738a9d]
V  [jvm.dll+0x6347f2]
C  [ucrtbase.dll+0x20e72]
C  [KERNEL32.DLL+0x17bd4]
C  [ntdll.dll+0x6ced1]


---------------  P R O C E S S  ---------------

Threads class SMR info:
_java_thread_list=0x0000027823f96af0, length=12, elements={
0x000002787fd6b000, 0x00000278208ba800, 0x00000278208c3800, 0x00000278208dd800,
0x000002782112a000, 0x000002782112c000, 0x0000027821135800, 0x0000027821141800,
0x00000278212b7800, 0x0000027821507000, 0x0000027821507800, 0x0000027823ce1000
}

Java Threads: ( => current thread )
  0x000002787fd6b000 JavaThread "main" [_thread_in_native, id=16536, stack(0x000000d1fef00000,0x000000d1ff000000)]
  0x00000278208ba800 JavaThread "Reference Handler" daemon [_thread_blocked, id=3612, stack(0x000000d1ff600000,0x000000d1ff700000)]
  0x00000278208c3800 JavaThread "Finalizer" daemon [_thread_blocked, id=16072, stack(0x000000d1ff700000,0x000000d1ff800000)]
  0x00000278208dd800 JavaThread "Signal Dispatcher" daemon [_thread_blocked, id=18912, stack(0x000000d1ff800000,0x000000d1ff900000)]
  0x000002782112a000 JavaThread "Attach Listener" daemon [_thread_blocked, id=14852, stack(0x000000d1ff900000,0x000000d1ffa00000)]
=>0x000002782112c000 JavaThread "C2 CompilerThread0" daemon [_thread_in_native, id=18284, stack(0x000000d1ffa00000,0x000000d1ffb00000)]
  0x0000027821135800 JavaThread "C1 CompilerThread0" daemon [_thread_blocked, id=15916, stack(0x000000d1ffb00000,0x000000d1ffc00000)]
  0x0000027821141800 JavaThread "Sweeper thread" daemon [_thread_blocked, id=8384, stack(0x000000d1ffc00000,0x000000d1ffd00000)]
  0x00000278212b7800 JavaThread "Common-Cleaner" daemon [_thread_blocked, id=12744, stack(0x000000d1ffd00000,0x000000d1ffe00000)]
  0x0000027821507000 JavaThread "Monitor Ctrl-Break" daemon [_thread_in_native, id=13808, stack(0x000000d1fff00000,0x000000d200000000)]
  0x0000027821507800 JavaThread "Service Thread" daemon [_thread_blocked, id=19096, stack(0x000000d180000000,0x000000d180100000)]
  0x0000027823ce1000 JavaThread "C2 CompilerThread1" daemon [_thread_in_native, id=14908, stack(0x000000d180200000,0x000000d180300000)]

Other Threads:
  0x0000027820893800 VMThread "VM Thread" [stack: 0x000000d1ff500000,0x000000d1ff600000] [id=5360]
  0x000002782150b800 WatcherThread [stack: 0x000000d180100000,0x000000d180200000] [id=17060]
  0x000002787fd83000 GCTaskThread "GC Thread#0" [stack: 0x000000d1ff000000,0x000000d1ff100000] [id=2968]
  0x0000027822471800 GCTaskThread "GC Thread#1" [stack: 0x000000d180400000,0x000000d180500000] [id=4628]
  0x00000278225b8800 GCTaskThread "GC Thread#2" [stack: 0x000000d180500000,0x000000d180600000] [id=2384]
  0x000002787fdb3000 ConcurrentGCThread "G1 Main Marker" [stack: 0x000000d1ff100000,0x000000d1ff200000] [id=8972]
  0x000002787fdb4800 ConcurrentGCThread "G1 Conc#0" [stack: 0x000000d1ff200000,0x000000d1ff300000] [id=17816]
  0x0000027822a7f800 ConcurrentGCThread "G1 Conc#1" [stack: 0x000000d180300000,0x000000d180400000] [id=18704]
  0x00000278206f8800 ConcurrentGCThread "G1 Refine#0" [stack: 0x000000d1ff300000,0x000000d1ff400000] [id=6220]
  0x00000278206f9800 ConcurrentGCThread "G1 Young RemSet Sampling" [stack: 0x000000d1ff400000,0x000000d1ff500000] [id=18168]

Threads with active compile tasks:
C2 CompilerThread05762 % !   4       java.util.jar.Attributes::read @ 185 (388 bytes)
C2 CompilerThread15765   !   4       sun.nio.fs.WindowsPath::initOffsets (153 bytes)

VM state:not at safepoint (normal execution)

VM Mutex/Monitor currently owned by a thread: None

Heap address: 0x0000000082e00000, size: 2002 MB, Compressed Oops mode: 32-bit
Narrow klass base: 0x0000000000000000, Narrow klass shift: 3
Compressed class space size: 1073741824 Address: 0x0000000100000000

Heap:
 garbage-first heap   total 129024K, used 50836K [0x0000000082e00000, 0x0000000100000000)
  region size 1024K, 38 young (38912K), 8 survivors (8192K)
 Metaspace       used 40264K, capacity 41024K, committed 41264K, reserved 1085440K
  class space    used 4410K, capacity 4683K, committed 4736K, reserved 1048576K
Heap Regions: E=young(eden), S=young(survivor), O=old, HS=humongous(starts), HC=humongous(continues), CS=collection set, F=free, A=archive, TAMS=top-at-mark-start (previous, next)
|   0|0x0000000082e00000, 0x0000000082f00000, 0x0000000082f00000|100%| O|  |TAMS 0x0000000082f00000, 0x0000000082e00000| Untracked 
|   1|0x0000000082f00000, 0x0000000083000000, 0x0000000083000000|100%| O|  |TAMS 0x0000000083000000, 0x0000000082f00000| Untracked 
|   2|0x0000000083000000, 0x0000000083100000, 0x0000000083100000|100%| O|  |TAMS 0x0000000083100000, 0x0000000083000000| Untracked 
|   3|0x0000000083100000, 0x0000000083200000, 0x0000000083200000|100%| O|  |TAMS 0x0000000083200000, 0x0000000083100000| Untracked 
|   4|0x0000000083200000, 0x0000000083300000, 0x0000000083300000|100%| O|  |TAMS 0x0000000083300000, 0x0000000083200000| Untracked 
|   5|0x0000000083300000, 0x0000000083400000, 0x0000000083400000|100%| O|  |TAMS 0x0000000083400000, 0x0000000083300000| Untracked 
|   6|0x0000000083400000, 0x0000000083500000, 0x0000000083500000|100%| O|  |TAMS 0x0000000083500000, 0x0000000083400000| Untracked 
|   7|0x0000000083500000, 0x0000000083600000, 0x0000000083600000|100%| O|  |TAMS 0x0000000083600000, 0x0000000083500000| Untracked 
|   8|0x0000000083600000, 0x0000000083700000, 0x0000000083700000|100%| O|  |TAMS 0x0000000083600000, 0x0000000083600000| Untracked 
|   9|0x0000000083700000, 0x0000000083800000, 0x0000000083800000|100%| O|  |TAMS 0x0000000083700000, 0x0000000083700000| Untracked 
|  10|0x0000000083800000, 0x0000000083900000, 0x0000000083900000|100%| O|  |TAMS 0x0000000083800000, 0x0000000083800000| Untracked 
|  11|0x0000000083900000, 0x0000000083a00000, 0x0000000083a00000|100%| O|  |TAMS 0x0000000083900000, 0x0000000083900000| Untracked 
|  12|0x0000000083a00000, 0x0000000083aa5000, 0x0000000083b00000| 64%| O|  |TAMS 0x0000000083a00000, 0x0000000083a00000| Untracked 
|  13|0x0000000083b00000, 0x0000000083b00000, 0x0000000083c00000|  0%| F|  |TAMS 0x0000000083b00000, 0x0000000083b00000| Untracked 
|  14|0x0000000083c00000, 0x0000000083c00000, 0x0000000083d00000|  0%| F|  |TAMS 0x0000000083c00000, 0x0000000083c00000| Untracked 
|  15|0x0000000083d00000, 0x0000000083d00000, 0x0000000083e00000|  0%| F|  |TAMS 0x0000000083d00000, 0x0000000083d00000| Untracked 
|  16|0x0000000083e00000, 0x0000000083e00000, 0x0000000083f00000|  0%| F|  |TAMS 0x0000000083e00000, 0x0000000083e00000| Untracked 
|  17|0x0000000083f00000, 0x0000000083f00000, 0x0000000084000000|  0%| F|  |TAMS 0x0000000083f00000, 0x0000000083f00000| Untracked 
|  18|0x0000000084000000, 0x0000000084000000, 0x0000000084100000|  0%| F|  |TAMS 0x0000000084000000, 0x0000000084000000| Untracked 
|  19|0x0000000084100000, 0x0000000084100000, 0x0000000084200000|  0%| F|  |TAMS 0x0000000084100000, 0x0000000084100000| Untracked 
|  20|0x0000000084200000, 0x0000000084200000, 0x0000000084300000|  0%| F|  |TAMS 0x0000000084200000, 0x0000000084200000| Untracked 
|  21|0x0000000084300000, 0x0000000084300000, 0x0000000084400000|  0%| F|  |TAMS 0x0000000084300000, 0x0000000084300000| Untracked 
|  22|0x0000000084400000, 0x0000000084400000, 0x0000000084500000|  0%| F|  |TAMS 0x0000000084400000, 0x0000000084400000| Untracked 
|  23|0x0000000084500000, 0x0000000084500000, 0x0000000084600000|  0%| F|  |TAMS 0x0000000084500000, 0x0000000084500000| Untracked 
|  24|0x0000000084600000, 0x0000000084600000, 0x0000000084700000|  0%| F|  |TAMS 0x0000000084600000, 0x0000000084600000| Untracked 
|  25|0x0000000084700000, 0x0000000084700000, 0x0000000084800000|  0%| F|  |TAMS 0x0000000084700000, 0x0000000084700000| Untracked 
|  26|0x0000000084800000, 0x0000000084800000, 0x0000000084900000|  0%| F|  |TAMS 0x0000000084800000, 0x0000000084800000| Untracked 
|  27|0x0000000084900000, 0x0000000084900000, 0x0000000084a00000|  0%| F|  |TAMS 0x0000000084900000, 0x0000000084900000| Untracked 
|  28|0x0000000084a00000, 0x0000000084a00000, 0x0000000084b00000|  0%| F|  |TAMS 0x0000000084a00000, 0x0000000084a00000| Untracked 
|  29|0x0000000084b00000, 0x0000000084b00000, 0x0000000084c00000|  0%| F|  |TAMS 0x0000000084b00000, 0x0000000084b00000| Untracked 
|  30|0x0000000084c00000, 0x0000000084c00000, 0x0000000084d00000|  0%| F|  |TAMS 0x0000000084c00000, 0x0000000084c00000| Untracked 
|  31|0x0000000084d00000, 0x0000000084d00000, 0x0000000084e00000|  0%| F|  |TAMS 0x0000000084d00000, 0x0000000084d00000| Untracked 
|  32|0x0000000084e00000, 0x0000000084e00000, 0x0000000084f00000|  0%| F|  |TAMS 0x0000000084e00000, 0x0000000084e00000| Untracked 
|  33|0x0000000084f00000, 0x0000000084f00000, 0x0000000085000000|  0%| F|  |TAMS 0x0000000084f00000, 0x0000000084f00000| Untracked 
|  34|0x0000000085000000, 0x0000000085000000, 0x0000000085100000|  0%| F|  |TAMS 0x0000000085000000, 0x0000000085000000| Untracked 
|  35|0x0000000085100000, 0x0000000085100000, 0x0000000085200000|  0%| F|  |TAMS 0x0000000085100000, 0x0000000085100000| Untracked 
|  36|0x0000000085200000, 0x0000000085200000, 0x0000000085300000|  0%| F|  |TAMS 0x0000000085200000, 0x0000000085200000| Untracked 
|  37|0x0000000085300000, 0x0000000085300000, 0x0000000085400000|  0%| F|  |TAMS 0x0000000085300000, 0x0000000085300000| Untracked 
|  38|0x0000000085400000, 0x0000000085400000, 0x0000000085500000|  0%| F|  |TAMS 0x0000000085400000, 0x0000000085400000| Untracked 
|  39|0x0000000085500000, 0x0000000085500000, 0x0000000085600000|  0%| F|  |TAMS 0x0000000085500000, 0x0000000085500000| Untracked 
|  40|0x0000000085600000, 0x0000000085600000, 0x0000000085700000|  0%| F|  |TAMS 0x0000000085600000, 0x0000000085600000| Untracked 
|  41|0x0000000085700000, 0x0000000085700000, 0x0000000085800000|  0%| F|  |TAMS 0x0000000085700000, 0x0000000085700000| Untracked 
|  42|0x0000000085800000, 0x0000000085800000, 0x0000000085900000|  0%| F|  |TAMS 0x0000000085800000, 0x0000000085800000| Untracked 
|  43|0x0000000085900000, 0x0000000085900000, 0x0000000085a00000|  0%| F|  |TAMS 0x0000000085900000, 0x0000000085900000| Untracked 
|  44|0x0000000085a00000, 0x0000000085a00000, 0x0000000085b00000|  0%| F|  |TAMS 0x0000000085a00000, 0x0000000085a00000| Untracked 
|  45|0x0000000085b00000, 0x0000000085b00000, 0x0000000085c00000|  0%| F|  |TAMS 0x0000000085b00000, 0x0000000085b00000| Untracked 
|  46|0x0000000085c00000, 0x0000000085c00000, 0x0000000085d00000|  0%| F|  |TAMS 0x0000000085c00000, 0x0000000085c00000| Untracked 
|  47|0x0000000085d00000, 0x0000000085d00000, 0x0000000085e00000|  0%| F|  |TAMS 0x0000000085d00000, 0x0000000085d00000| Untracked 
|  48|0x0000000085e00000, 0x0000000085e00000, 0x0000000085f00000|  0%| F|  |TAMS 0x0000000085e00000, 0x0000000085e00000| Untracked 
|  49|0x0000000085f00000, 0x0000000085f00000, 0x0000000086000000|  0%| F|  |TAMS 0x0000000085f00000, 0x0000000085f00000| Untracked 
|  50|0x0000000086000000, 0x0000000086000000, 0x0000000086100000|  0%| F|  |TAMS 0x0000000086000000, 0x0000000086000000| Untracked 
|  51|0x0000000086100000, 0x0000000086100000, 0x0000000086200000|  0%| F|  |TAMS 0x0000000086100000, 0x0000000086100000| Untracked 
|  52|0x0000000086200000, 0x0000000086200000, 0x0000000086300000|  0%| F|  |TAMS 0x0000000086200000, 0x0000000086200000| Untracked 
|  53|0x0000000086300000, 0x0000000086300000, 0x0000000086400000|  0%| F|  |TAMS 0x0000000086300000, 0x0000000086300000| Untracked 
|  54|0x0000000086400000, 0x0000000086400000, 0x0000000086500000|  0%| F|  |TAMS 0x0000000086400000, 0x0000000086400000| Untracked 
|  55|0x0000000086500000, 0x0000000086500000, 0x0000000086600000|  0%| F|  |TAMS 0x0000000086500000, 0x0000000086500000| Untracked 
|  56|0x0000000086600000, 0x0000000086700000, 0x0000000086700000|100%| S|CS|TAMS 0x0000000086600000, 0x0000000086600000| Complete 
|  57|0x0000000086700000, 0x0000000086800000, 0x0000000086800000|100%| S|CS|TAMS 0x0000000086700000, 0x0000000086700000| Complete 
|  58|0x0000000086800000, 0x0000000086900000, 0x0000000086900000|100%| S|CS|TAMS 0x0000000086800000, 0x0000000086800000| Complete 
|  59|0x0000000086900000, 0x0000000086a00000, 0x0000000086a00000|100%| S|CS|TAMS 0x0000000086900000, 0x0000000086900000| Complete 
|  60|0x0000000086a00000, 0x0000000086b00000, 0x0000000086b00000|100%| S|CS|TAMS 0x0000000086a00000, 0x0000000086a00000| Complete 
|  61|0x0000000086b00000, 0x0000000086c00000, 0x0000000086c00000|100%| S|CS|TAMS 0x0000000086b00000, 0x0000000086b00000| Complete 
|  62|0x0000000086c00000, 0x0000000086d00000, 0x0000000086d00000|100%| S|CS|TAMS 0x0000000086c00000, 0x0000000086c00000| Complete 
|  63|0x0000000086d00000, 0x0000000086e00000, 0x0000000086e00000|100%| S|CS|TAMS 0x0000000086d00000, 0x0000000086d00000| Complete 
|  64|0x0000000086e00000, 0x0000000086e00000, 0x0000000086f00000|  0%| F|  |TAMS 0x0000000086e00000, 0x0000000086e00000| Untracked 
|  65|0x0000000086f00000, 0x0000000086f00000, 0x0000000087000000|  0%| F|  |TAMS 0x0000000086f00000, 0x0000000086f00000| Untracked 
|  66|0x0000000087000000, 0x0000000087000000, 0x0000000087100000|  0%| F|  |TAMS 0x0000000087000000, 0x0000000087000000| Untracked 
|  67|0x0000000087100000, 0x0000000087100000, 0x0000000087200000|  0%| F|  |TAMS 0x0000000087100000, 0x0000000087100000| Untracked 
|  68|0x0000000087200000, 0x0000000087200000, 0x0000000087300000|  0%| F|  |TAMS 0x0000000087200000, 0x0000000087200000| Untracked 
|  69|0x0000000087300000, 0x0000000087300000, 0x0000000087400000|  0%| F|  |TAMS 0x0000000087300000, 0x0000000087300000| Untracked 
|  70|0x0000000087400000, 0x0000000087400000, 0x0000000087500000|  0%| F|  |TAMS 0x0000000087400000, 0x0000000087400000| Untracked 
|  71|0x0000000087500000, 0x0000000087500000, 0x0000000087600000|  0%| F|  |TAMS 0x0000000087500000, 0x0000000087500000| Untracked 
|  72|0x0000000087600000, 0x0000000087600000, 0x0000000087700000|  0%| F|  |TAMS 0x0000000087600000, 0x0000000087600000| Untracked 
|  73|0x0000000087700000, 0x0000000087700000, 0x0000000087800000|  0%| F|  |TAMS 0x0000000087700000, 0x0000000087700000| Untracked 
|  74|0x0000000087800000, 0x0000000087800000, 0x0000000087900000|  0%| F|  |TAMS 0x0000000087800000, 0x0000000087800000| Untracked 
|  75|0x0000000087900000, 0x0000000087900000, 0x0000000087a00000|  0%| F|  |TAMS 0x0000000087900000, 0x0000000087900000| Untracked 
|  76|0x0000000087a00000, 0x0000000087a00000, 0x0000000087b00000|  0%| F|  |TAMS 0x0000000087a00000, 0x0000000087a00000| Untracked 
|  77|0x0000000087b00000, 0x0000000087b00000, 0x0000000087c00000|  0%| F|  |TAMS 0x0000000087b00000, 0x0000000087b00000| Untracked 
|  78|0x0000000087c00000, 0x0000000087c00000, 0x0000000087d00000|  0%| F|  |TAMS 0x0000000087c00000, 0x0000000087c00000| Untracked 
|  79|0x0000000087d00000, 0x0000000087d00000, 0x0000000087e00000|  0%| F|  |TAMS 0x0000000087d00000, 0x0000000087d00000| Untracked 
|  80|0x0000000087e00000, 0x0000000087e00000, 0x0000000087f00000|  0%| F|  |TAMS 0x0000000087e00000, 0x0000000087e00000| Untracked 
|  81|0x0000000087f00000, 0x0000000087f00000, 0x0000000088000000|  0%| F|  |TAMS 0x0000000087f00000, 0x0000000087f00000| Untracked 
|  82|0x0000000088000000, 0x0000000088000000, 0x0000000088100000|  0%| F|  |TAMS 0x0000000088000000, 0x0000000088000000| Untracked 
|  83|0x0000000088100000, 0x0000000088100000, 0x0000000088200000|  0%| F|  |TAMS 0x0000000088100000, 0x0000000088100000| Untracked 
|  84|0x0000000088200000, 0x0000000088200000, 0x0000000088300000|  0%| F|  |TAMS 0x0000000088200000, 0x0000000088200000| Untracked 
|  85|0x0000000088300000, 0x0000000088300000, 0x0000000088400000|  0%| F|  |TAMS 0x0000000088300000, 0x0000000088300000| Untracked 
|  86|0x0000000088400000, 0x0000000088400000, 0x0000000088500000|  0%| F|  |TAMS 0x0000000088400000, 0x0000000088400000| Untracked 
|  87|0x0000000088500000, 0x0000000088500000, 0x0000000088600000|  0%| F|  |TAMS 0x0000000088500000, 0x0000000088500000| Untracked 
|  88|0x0000000088600000, 0x0000000088600000, 0x0000000088700000|  0%| F|  |TAMS 0x0000000088600000, 0x0000000088600000| Untracked 
|  89|0x0000000088700000, 0x0000000088700000, 0x0000000088800000|  0%| F|  |TAMS 0x0000000088700000, 0x0000000088700000| Untracked 
|  90|0x0000000088800000, 0x0000000088800000, 0x0000000088900000|  0%| F|  |TAMS 0x0000000088800000, 0x0000000088800000| Untracked 
|  91|0x0000000088900000, 0x0000000088900000, 0x0000000088a00000|  0%| F|  |TAMS 0x0000000088900000, 0x0000000088900000| Untracked 
|  92|0x0000000088a00000, 0x0000000088a00000, 0x0000000088b00000|  0%| F|  |TAMS 0x0000000088a00000, 0x0000000088a00000| Untracked 
|  93|0x0000000088b00000, 0x0000000088b00000, 0x0000000088c00000|  0%| F|  |TAMS 0x0000000088b00000, 0x0000000088b00000| Untracked 
|  94|0x0000000088c00000, 0x0000000088c00000, 0x0000000088d00000|  0%| F|  |TAMS 0x0000000088c00000, 0x0000000088c00000| Untracked 
|  95|0x0000000088d00000, 0x0000000088d00000, 0x0000000088e00000|  0%| F|  |TAMS 0x0000000088d00000, 0x0000000088d00000| Untracked 
|  96|0x0000000088e00000, 0x0000000088e82078, 0x0000000088f00000| 50%| E|  |TAMS 0x0000000088e00000, 0x0000000088e00000| Complete 
|  97|0x0000000088f00000, 0x0000000089000000, 0x0000000089000000|100%| E|CS|TAMS 0x0000000088f00000, 0x0000000088f00000| Complete 
|  98|0x0000000089000000, 0x0000000089100000, 0x0000000089100000|100%| E|CS|TAMS 0x0000000089000000, 0x0000000089000000| Complete 
|  99|0x0000000089100000, 0x0000000089200000, 0x0000000089200000|100%| E|CS|TAMS 0x0000000089100000, 0x0000000089100000| Complete 
| 100|0x0000000089200000, 0x0000000089300000, 0x0000000089300000|100%| E|CS|TAMS 0x0000000089200000, 0x0000000089200000| Complete 
| 101|0x0000000089300000, 0x0000000089400000, 0x0000000089400000|100%| E|CS|TAMS 0x0000000089300000, 0x0000000089300000| Complete 
| 102|0x0000000089400000, 0x0000000089500000, 0x0000000089500000|100%| E|CS|TAMS 0x0000000089400000, 0x0000000089400000| Complete 
| 103|0x0000000089500000, 0x0000000089600000, 0x0000000089600000|100%| E|CS|TAMS 0x0000000089500000, 0x0000000089500000| Complete 
| 104|0x0000000089600000, 0x0000000089700000, 0x0000000089700000|100%| E|CS|TAMS 0x0000000089600000, 0x0000000089600000| Complete 
| 105|0x0000000089700000, 0x0000000089800000, 0x0000000089800000|100%| E|CS|TAMS 0x0000000089700000, 0x0000000089700000| Complete 
| 106|0x0000000089800000, 0x0000000089900000, 0x0000000089900000|100%| E|CS|TAMS 0x0000000089800000, 0x0000000089800000| Complete 
| 107|0x0000000089900000, 0x0000000089a00000, 0x0000000089a00000|100%| E|CS|TAMS 0x0000000089900000, 0x0000000089900000| Complete 
| 108|0x0000000089a00000, 0x0000000089b00000, 0x0000000089b00000|100%| E|CS|TAMS 0x0000000089a00000, 0x0000000089a00000| Complete 
| 109|0x0000000089b00000, 0x0000000089c00000, 0x0000000089c00000|100%| E|CS|TAMS 0x0000000089b00000, 0x0000000089b00000| Complete 
| 110|0x0000000089c00000, 0x0000000089d00000, 0x0000000089d00000|100%| E|CS|TAMS 0x0000000089c00000, 0x0000000089c00000| Complete 
| 111|0x0000000089d00000, 0x0000000089e00000, 0x0000000089e00000|100%| E|CS|TAMS 0x0000000089d00000, 0x0000000089d00000| Complete 
| 112|0x0000000089e00000, 0x0000000089f00000, 0x0000000089f00000|100%| E|CS|TAMS 0x0000000089e00000, 0x0000000089e00000| Complete 
| 113|0x0000000089f00000, 0x000000008a000000, 0x000000008a000000|100%| E|CS|TAMS 0x0000000089f00000, 0x0000000089f00000| Complete 
| 114|0x000000008a000000, 0x000000008a100000, 0x000000008a100000|100%| E|CS|TAMS 0x000000008a000000, 0x000000008a000000| Complete 
| 115|0x000000008a100000, 0x000000008a200000, 0x000000008a200000|100%| E|CS|TAMS 0x000000008a100000, 0x000000008a100000| Complete 
| 116|0x000000008a200000, 0x000000008a300000, 0x000000008a300000|100%| E|CS|TAMS 0x000000008a200000, 0x000000008a200000| Complete 
| 117|0x000000008a300000, 0x000000008a400000, 0x000000008a400000|100%| E|CS|TAMS 0x000000008a300000, 0x000000008a300000| Complete 
| 118|0x000000008a400000, 0x000000008a500000, 0x000000008a500000|100%| E|CS|TAMS 0x000000008a400000, 0x000000008a400000| Complete 
| 119|0x000000008a500000, 0x000000008a600000, 0x000000008a600000|100%| E|CS|TAMS 0x000000008a500000, 0x000000008a500000| Complete 
| 120|0x000000008a600000, 0x000000008a700000, 0x000000008a700000|100%| E|CS|TAMS 0x000000008a600000, 0x000000008a600000| Complete 
| 121|0x000000008a700000, 0x000000008a800000, 0x000000008a800000|100%| E|CS|TAMS 0x000000008a700000, 0x000000008a700000| Complete 
| 122|0x000000008a800000, 0x000000008a900000, 0x000000008a900000|100%| E|CS|TAMS 0x000000008a800000, 0x000000008a800000| Complete 
| 123|0x000000008a900000, 0x000000008aa00000, 0x000000008aa00000|100%| E|CS|TAMS 0x000000008a900000, 0x000000008a900000| Complete 
| 124|0x000000008aa00000, 0x000000008ab00000, 0x000000008ab00000|100%| E|CS|TAMS 0x000000008aa00000, 0x000000008aa00000| Complete 
| 125|0x000000008ab00000, 0x000000008ac00000, 0x000000008ac00000|100%| E|CS|TAMS 0x000000008ab00000, 0x000000008ab00000| Complete 

Card table byte_map: [0x0000027819750000,0x0000027819b40000] _byte_map_base: 0x0000027819339000

Marking Bits (Prev, Next): (CMBitMap*) 0x000002787fdaa6b8, (CMBitMap*) 0x000002787fdaa6f0
 Prev Bits: [0x0000027819f30000, 0x000002781be78000)
 Next Bits: [0x000002781be80000, 0x000002781ddc8000)

Polling page: 0x000002787fb50000

Metaspace:

Usage:
  Non-class:     35.49 MB capacity,    35.01 MB ( 99%) used,   423.91 KB (  1%) free+waste,    62.75 KB ( <1%) overhead. 
      Class:      4.57 MB capacity,     4.31 MB ( 94%) used,   246.49 KB (  5%) free+waste,    25.94 KB ( <1%) overhead. 
       Both:     40.06 MB capacity,    39.32 MB ( 98%) used,   670.40 KB (  2%) free+waste,    88.69 KB ( <1%) overhead. 

Virtual space:
  Non-class space:       36.00 MB reserved,      35.67 MB (>99%) committed 
      Class space:        1.00 GB reserved,       4.63 MB ( <1%) committed 
             Both:        1.04 GB reserved,      40.30 MB (  4%) committed 

Chunk freelists:
   Non-Class:  7.38 KB
       Class:  2.63 KB
        Both:  10.00 KB

CodeHeap 'non-profiled nmethods': size=120000Kb used=2943Kb max_used=2943Kb free=117056Kb
 bounds [0x00000278114c0000, 0x00000278117b0000, 0x00000278189f0000]
CodeHeap 'profiled nmethods': size=120000Kb used=11312Kb max_used=11755Kb free=108687Kb
 bounds [0x0000027809f90000, 0x000002780ab50000, 0x00000278114c0000]
CodeHeap 'non-nmethods': size=5760Kb used=1169Kb max_used=1234Kb free=4590Kb
 bounds [0x00000278099f0000, 0x0000027809c60000, 0x0000027809f90000]
 total_blobs=7752 nmethods=5159 adapters=425
 compilation: enabled
              stopped_count=0, restarted_count=0
 full_count=0

Compilation events (10 events):
Event: 24.322 Thread 0x0000027821135800 nmethod 5768 0x000002780a273d10 code [0x000002780a273f00, 0x000002780a274260]
Event: 24.383 Thread 0x0000027821135800 5770       3       java.lang.invoke.DirectMethodHandle$Holder::invokeStatic (22 bytes)
Event: 24.383 Thread 0x0000027821135800 nmethod 5770 0x000002780a27ac90 code [0x000002780a27ae80, 0x000002780a27b340]
Event: 24.383 Thread 0x0000027821135800 5771       3       java.lang.invoke.LambdaForm$MH/0x00000001003fb440::linkToTargetMethod (15 bytes)
Event: 24.384 Thread 0x0000027821135800 nmethod 5771 0x000002780a288290 code [0x000002780a288460, 0x000002780a288900]
Event: 24.384 Thread 0x0000027821135800 5773       3       com.sun.tools.javac.parser.Tokens::enterKeyword (39 bytes)
Event: 24.386 Thread 0x0000027821135800 nmethod 5773 0x000002780a37d110 code [0x000002780a37d380, 0x000002780a37def0]
Event: 24.386 Thread 0x0000027821135800 5772       3       com.sun.tools.javac.comp.Operators$BinaryOperatorHelper::addBinaryOperator (24 bytes)
Event: 24.388 Thread 0x0000027821135800 nmethod 5772 0x000002780a380290 code [0x000002780a3804c0, 0x000002780a380eb0]
Event: 24.390 Thread 0x0000027821135800 5774       3       java.net.URI::toURL (5 bytes)

GC Heap History (10 events):
Event: 6.353 GC heap before
{Heap before GC invocations=1 (full 0):
 garbage-first heap   total 129024K, used 50174K [0x0000000082e00000, 0x0000000100000000)
  region size 1024K, 49 young (50176K), 3 survivors (3072K)
 Metaspace       used 20862K, capacity 21198K, committed 21296K, reserved 1069056K
  class space    used 2248K, capacity 2389K, committed 2432K, reserved 1048576K
}
Event: 6.379 GC heap after
{Heap after GC invocations=2 (full 0):
 garbage-first heap   total 129024K, used 6841K [0x0000000082e00000, 0x0000000100000000)
  region size 1024K, 6 young (6144K), 6 survivors (6144K)
 Metaspace       used 20862K, capacity 21198K, committed 21296K, reserved 1069056K
  class space    used 2248K, capacity 2389K, committed 2432K, reserved 1048576K
}
Event: 8.120 GC heap before
{Heap before GC invocations=3 (full 0):
 garbage-first heap   total 129024K, used 27321K [0x0000000082e00000, 0x0000000100000000)
  region size 1024K, 26 young (26624K), 6 survivors (6144K)
 Metaspace       used 23952K, capacity 24405K, committed 24496K, reserved 1071104K
  class space    used 2591K, capacity 2775K, committed 2816K, reserved 1048576K
}
Event: 8.151 GC heap after
{Heap after GC invocations=4 (full 0):
 garbage-first heap   total 129024K, used 8615K [0x0000000082e00000, 0x0000000100000000)
  region size 1024K, 2 young (2048K), 2 survivors (2048K)
 Metaspace       used 23952K, capacity 24405K, committed 24496K, reserved 1071104K
  class space    used 2591K, capacity 2775K, committed 2816K, reserved 1048576K
}
Event: 12.434 GC heap before
{Heap before GC invocations=4 (full 0):
 garbage-first heap   total 129024K, used 65959K [0x0000000082e00000, 0x0000000100000000)
  region size 1024K, 58 young (59392K), 2 survivors (2048K)
 Metaspace       used 29387K, capacity 29863K, committed 30000K, reserved 1075200K
  class space    used 3206K, capacity 3396K, committed 3456K, reserved 1048576K
}
Event: 12.455 GC heap after
{Heap after GC invocations=5 (full 0):
 garbage-first heap   total 129024K, used 12711K [0x0000000082e00000, 0x0000000100000000)
  region size 1024K, 6 young (6144K), 6 survivors (6144K)
 Metaspace       used 29387K, capacity 29863K, committed 30000K, reserved 1075200K
  class space    used 3206K, capacity 3396K, committed 3456K, reserved 1048576K
}
Event: 16.476 GC heap before
{Heap before GC invocations=5 (full 0):
 garbage-first heap   total 129024K, used 38311K [0x0000000082e00000, 0x0000000100000000)
  region size 1024K, 32 young (32768K), 6 survivors (6144K)
 Metaspace       used 35263K, capacity 35805K, committed 35888K, reserved 1081344K
  class space    used 3930K, capacity 4147K, committed 4224K, reserved 1048576K
}
Event: 16.497 GC heap after
{Heap after GC invocations=6 (full 0):
 garbage-first heap   total 129024K, used 14994K [0x0000000082e00000, 0x0000000100000000)
  region size 1024K, 7 young (7168K), 7 survivors (7168K)
 Metaspace       used 35263K, capacity 35805K, committed 35888K, reserved 1081344K
  class space    used 3930K, capacity 4147K, committed 4224K, reserved 1048576K
}
Event: 22.034 GC heap before
{Heap before GC invocations=7 (full 0):
 garbage-first heap   total 129024K, used 71314K [0x0000000082e00000, 0x0000000100000000)
  region size 1024K, 62 young (63488K), 7 survivors (7168K)
 Metaspace       used 39470K, capacity 40181K, committed 40496K, reserved 1085440K
  class space    used 4351K, capacity 4640K, committed 4736K, reserved 1048576K
}
Event: 22.072 GC heap after
{Heap after GC invocations=8 (full 0):
 garbage-first heap   total 129024K, used 21140K [0x0000000082e00000, 0x0000000100000000)
  region size 1024K, 8 young (8192K), 8 survivors (8192K)
 Metaspace       used 39470K, capacity 40181K, committed 40496K, reserved 1085440K
  class space    used 4351K, capacity 4640K, committed 4736K, reserved 1048576K
}

Deoptimization events (10 events):
Event: 22.349 Thread 0x000002787fd6b000 Uncommon trap: reason=class_check action=maybe_recompile pc=0x000002781169151c method=java.util.Hashtable.get(Ljava/lang/Object;)Ljava/lang/Object; @ 6 c2
Event: 22.350 Thread 0x000002787fd6b000 Uncommon trap: reason=class_check action=maybe_recompile pc=0x000002781169151c method=java.util.Hashtable.get(Ljava/lang/Object;)Ljava/lang/Object; @ 6 c2
Event: 22.350 Thread 0x000002787fd6b000 Uncommon trap: reason=class_check action=maybe_recompile pc=0x000002781169151c method=java.util.Hashtable.get(Ljava/lang/Object;)Ljava/lang/Object; @ 6 c2
Event: 22.391 Thread 0x000002787fd6b000 Uncommon trap: reason=predicate action=maybe_recompile pc=0x00000278114e57a4 method=java.util.Arrays.binarySearch0([Ljava/lang/Object;IILjava/lang/Object;)I @ 12 c2
Event: 22.866 Thread 0x000002787fd6b000 Uncommon trap: reason=class_check action=maybe_recompile pc=0x0000027811503000 method=jdk.internal.loader.URLClassPath.getLoader(I)Ljdk/internal/loader/URLClassPath$Loader; @ 88 c2
Event: 22.938 Thread 0x000002787fd6b000 Uncommon trap: reason=class_check action=maybe_recompile pc=0x0000027811503000 method=jdk.internal.loader.URLClassPath.getLoader(I)Ljdk/internal/loader/URLClassPath$Loader; @ 88 c2
Event: 22.958 Thread 0x000002787fd6b000 Uncommon trap: reason=unstable_if action=reinterpret pc=0x0000027811712b84 method=java.time.LocalDate.create(III)Ljava/time/LocalDate; @ 10 c2
Event: 22.959 Thread 0x000002787fd6b000 Uncommon trap: reason=unstable_if action=reinterpret pc=0x000002781171b7bc method=java.time.LocalDate.create(III)Ljava/time/LocalDate; @ 10 c2
Event: 23.504 Thread 0x000002787fd6b000 Uncommon trap: reason=unstable_if action=reinterpret pc=0x0000027811725178 method=java.nio.file.FileTreeWalker.visit(Ljava/nio/file/Path;ZZ)Ljava/nio/file/FileTreeWalker$Event; @ 84 c2
Event: 23.797 Thread 0x000002787fd6b000 Uncommon trap: reason=profile_predicate action=maybe_recompile pc=0x000002781152bf20 method=java.util.Arrays.binarySearch0([Ljava/lang/Object;IILjava/lang/Object;)I @ 12 c2

Classes redefined (0 events):
No events

Internal exceptions (10 events):
Event: 23.628 Thread 0x000002787fd6b000 Exception <a 'sun/nio/fs/WindowsException'{0x0000000089771fd8}> (0x0000000089771fd8) thrown at [t:/workspace/open/src/hotspot/share/prims/jni.cpp, line 615]
Event: 23.628 Thread 0x000002787fd6b000 Exception <a 'sun/nio/fs/WindowsException'{0x0000000089772c28}> (0x0000000089772c28) thrown at [t:/workspace/open/src/hotspot/share/prims/jni.cpp, line 615]
Event: 24.052 Thread 0x000002787fd6b000 Exception <a 'sun/nio/fs/WindowsException'{0x00000000893bef40}> (0x00000000893bef40) thrown at [t:/workspace/open/src/hotspot/share/prims/jni.cpp, line 615]
Event: 24.360 Thread 0x000002787fd6b000 Exception <a 'sun/nio/fs/WindowsException'{0x0000000089017fb0}> (0x0000000089017fb0) thrown at [t:/workspace/open/src/hotspot/share/prims/jni.cpp, line 615]
Event: 24.364 Thread 0x000002787fd6b000 Exception <a 'sun/nio/fs/WindowsException'{0x000000008901a318}> (0x000000008901a318) thrown at [t:/workspace/open/src/hotspot/share/prims/jni.cpp, line 615]
Event: 24.367 Thread 0x000002787fd6b000 Exception <a 'sun/nio/fs/WindowsException'{0x000000008901b878}> (0x000000008901b878) thrown at [t:/workspace/open/src/hotspot/share/prims/jni.cpp, line 615]
Event: 24.369 Thread 0x000002787fd6b000 Exception <a 'sun/nio/fs/WindowsException'{0x000000008901f328}> (0x000000008901f328) thrown at [t:/workspace/open/src/hotspot/share/prims/jni.cpp, line 615]
Event: 24.369 Thread 0x000002787fd6b000 Exception <a 'sun/nio/fs/WindowsException'{0x000000008901f5c8}> (0x000000008901f5c8) thrown at [t:/workspace/open/src/hotspot/share/prims/jni.cpp, line 615]
Event: 24.379 Thread 0x000002787fd6b000 Exception <a 'sun/nio/fs/WindowsException'{0x00000000890217b0}> (0x00000000890217b0) thrown at [t:/workspace/open/src/hotspot/share/prims/jni.cpp, line 615]
Event: 24.379 Thread 0x000002787fd6b000 Exception <a 'sun/nio/fs/WindowsException'{0x00000000890219f0}> (0x00000000890219f0) thrown at [t:/workspace/open/src/hotspot/share/prims/jni.cpp, line 615]

Events (10 events):
Event: 23.782 Thread 0x0000027823e8e800 Thread exited: 0x0000027823e8e800
Event: 23.782 Thread 0x0000027823ce1000 Thread exited: 0x0000027823ce1000
Event: 23.797 Thread 0x000002787fd6b000 Uncommon trap: trap_request=0xffffffbe fr.pc=0x000002781152bf20 relative=0x0000000000000360
Event: 23.797 Thread 0x000002787fd6b000 DEOPT PACKING pc=0x000002781152bf20 sp=0x000000d1feffe100
Event: 23.797 Thread 0x000002787fd6b000 DEOPT UNPACKING pc=0x0000027809a18f2f sp=0x000000d1feffe080 mode 2
Event: 23.986 Thread 0x0000027823ce1000 Thread added: 0x0000027823ce1000
Event: 24.070 Thread 0x000002787fd6b000 DEOPT PACKING pc=0x000002780a23e3bc sp=0x000000d1feffd180
Event: 24.070 Thread 0x000002787fd6b000 DEOPT UNPACKING pc=0x0000027809a18d4e sp=0x000000d1feffc720 mode 0
Event: 24.169 Thread 0x000002787fd6b000 DEOPT PACKING pc=0x000002780a880c4e sp=0x000000d1feffcc20
Event: 24.170 Thread 0x000002787fd6b000 DEOPT UNPACKING pc=0x0000027809a18d4e sp=0x000000d1feffc1f8 mode 0


Dynamic libraries:
0x00007ff7b5820000 - 0x00007ff7b5867000 	C:\Program Files\Java\jdk-11.0.2\bin\java.exe
0x00007ffc45020000 - 0x00007ffc45210000 	C:\WINDOWS\SYSTEM32\ntdll.dll
0x00007ffc43790000 - 0x00007ffc43842000 	C:\WINDOWS\System32\KERNEL32.DLL
0x00007ffc42cf0000 - 0x00007ffc42f93000 	C:\WINDOWS\System32\KERNELBASE.dll
0x00007ffc43530000 - 0x00007ffc435d3000 	C:\WINDOWS\System32\ADVAPI32.dll
0x00007ffc44330000 - 0x00007ffc443ce000 	C:\WINDOWS\System32\msvcrt.dll
0x00007ffc432f0000 - 0x00007ffc43387000 	C:\WINDOWS\System32\sechost.dll
0x00007ffc431d0000 - 0x00007ffc432f0000 	C:\WINDOWS\System32\RPCRT4.dll
0x00007ffc43390000 - 0x00007ffc43524000 	C:\WINDOWS\System32\USER32.dll
0x00007ffc42fa0000 - 0x00007ffc42fc1000 	C:\WINDOWS\System32\win32u.dll
0x00007ffc43850000 - 0x00007ffc43876000 	C:\WINDOWS\System32\GDI32.dll
0x00007ffc42860000 - 0x00007ffc429f4000 	C:\WINDOWS\System32\gdi32full.dll
0x00007ffc42a00000 - 0x00007ffc42a9e000 	C:\WINDOWS\System32\msvcp_win.dll
0x00007ffc42bf0000 - 0x00007ffc42cea000 	C:\WINDOWS\System32\ucrtbase.dll
0x00007ffc2f080000 - 0x00007ffc2f305000 	C:\WINDOWS\WinSxS\amd64_microsoft.windows.common-controls_6595b64144ccf1df_6.0.18362.720_none_e6beb5c51314836b\COMCTL32.dll
0x00007ffc44520000 - 0x00007ffc44856000 	C:\WINDOWS\System32\combase.dll
0x00007ffc43000000 - 0x00007ffc43080000 	C:\WINDOWS\System32\bcryptPrimitives.dll
0x00007ffc36a70000 - 0x00007ffc36a7a000 	C:\WINDOWS\SYSTEM32\VERSION.dll
0x00007ffc44a60000 - 0x00007ffc44a8e000 	C:\WINDOWS\System32\IMM32.DLL
0x00007ffc2e570000 - 0x00007ffc2e586000 	C:\Program Files\Java\jdk-11.0.2\bin\vcruntime140.dll
0x00007ffc08240000 - 0x00007ffc082ea000 	C:\Program Files\Java\jdk-11.0.2\bin\msvcp140.dll
0x00007ffbf00b0000 - 0x00007ffbf0bd7000 	C:\Program Files\Java\jdk-11.0.2\bin\server\jvm.dll
0x00007ffc44a50000 - 0x00007ffc44a58000 	C:\WINDOWS\System32\PSAPI.DLL
0x00007ffc24d70000 - 0x00007ffc24d79000 	C:\WINDOWS\SYSTEM32\WSOCK32.dll
0x00007ffc3bb90000 - 0x00007ffc3bbb4000 	C:\WINDOWS\SYSTEM32\WINMM.dll
0x00007ffc44f00000 - 0x00007ffc44f6f000 	C:\WINDOWS\System32\WS2_32.dll
0x00007ffc3b980000 - 0x00007ffc3b9ad000 	C:\WINDOWS\SYSTEM32\winmmbase.dll
0x00007ffc43080000 - 0x00007ffc430ca000 	C:\WINDOWS\System32\cfgmgr32.dll
0x00007ffc41f70000 - 0x00007ffc41f81000 	C:\WINDOWS\System32\kernel.appcore.dll
0x00007ffc2dff0000 - 0x00007ffc2e001000 	C:\Program Files\Java\jdk-11.0.2\bin\verify.dll
0x00007ffc407f0000 - 0x00007ffc409e4000 	C:\WINDOWS\SYSTEM32\DBGHELP.DLL
0x00007ffc29270000 - 0x00007ffc2929a000 	C:\WINDOWS\SYSTEM32\dbgcore.DLL
0x00007ffc14ad0000 - 0x00007ffc14af9000 	C:\Program Files\Java\jdk-11.0.2\bin\java.dll
0x00007ffc0e990000 - 0x00007ffc0e9bf000 	C:\Program Files\Java\jdk-11.0.2\bin\instrument.dll
0x00007ffc2df60000 - 0x00007ffc2df76000 	C:\Program Files\Java\jdk-11.0.2\bin\zip.dll
0x00007ffc3a130000 - 0x00007ffc3a13a000 	C:\Program Files\Java\jdk-11.0.2\bin\jimage.dll
0x00007ffc43bc0000 - 0x00007ffc442a5000 	C:\WINDOWS\System32\SHELL32.dll
0x00007ffc449a0000 - 0x00007ffc44a49000 	C:\WINDOWS\System32\shcore.dll
0x00007ffc42010000 - 0x00007ffc42790000 	C:\WINDOWS\System32\windows.storage.dll
0x00007ffc41f40000 - 0x00007ffc41f63000 	C:\WINDOWS\System32\profapi.dll
0x00007ffc41ef0000 - 0x00007ffc41f3a000 	C:\WINDOWS\System32\powrprof.dll
0x00007ffc41ee0000 - 0x00007ffc41ef0000 	C:\WINDOWS\System32\UMPDC.dll
0x00007ffc430f0000 - 0x00007ffc43142000 	C:\WINDOWS\System32\shlwapi.dll
0x00007ffc42840000 - 0x00007ffc42857000 	C:\WINDOWS\System32\cryptsp.dll
0x00007ffc23800000 - 0x00007ffc23819000 	C:\Program Files\Java\jdk-11.0.2\bin\net.dll
0x00007ffc37cd0000 - 0x00007ffc37dc1000 	C:\WINDOWS\SYSTEM32\WINHTTP.dll
0x00007ffc2b2e0000 - 0x00007ffc2b4b5000 	C:\WINDOWS\SYSTEM32\urlmon.dll
0x00007ffc2b030000 - 0x00007ffc2b2d6000 	C:\WINDOWS\SYSTEM32\iertutil.dll
0x00007ffc418f0000 - 0x00007ffc418fc000 	C:\WINDOWS\SYSTEM32\CRYPTBASE.DLL
0x00007ffc41720000 - 0x00007ffc41787000 	C:\WINDOWS\system32\mswsock.dll
0x00007ffc194e0000 - 0x00007ffc194f3000 	C:\Program Files\Java\jdk-11.0.2\bin\nio.dll
0x00007ffc14ab0000 - 0x00007ffc14aca000 	D:\IDEA\IntelliJ IDEA 2018.3.6\bin\breakgen64.dll
0x00007ffc41290000 - 0x00007ffc412c3000 	C:\WINDOWS\system32\rsaenh.dll
0x00007ffc42fd0000 - 0x00007ffc42ff6000 	C:\WINDOWS\System32\bcrypt.dll
0x00007ffc41e00000 - 0x00007ffc41e25000 	C:\WINDOWS\SYSTEM32\USERENV.dll
0x00007ffc41430000 - 0x00007ffc4146a000 	C:\WINDOWS\SYSTEM32\IPHLPAPI.DLL
0x00007ffc44f70000 - 0x00007ffc44f78000 	C:\WINDOWS\System32\NSI.dll
0x00007ffc31aa0000 - 0x00007ffc31ab6000 	C:\WINDOWS\SYSTEM32\dhcpcsvc6.DLL
0x00007ffc31a80000 - 0x00007ffc31a9c000 	C:\WINDOWS\SYSTEM32\dhcpcsvc.DLL
0x00007ffc41470000 - 0x00007ffc4153a000 	C:\WINDOWS\SYSTEM32\DNSAPI.dll
0x00007ffc2e6a0000 - 0x00007ffc2e6aa000 	C:\Users\dell\AppData\Local\Temp\jansi-1.16-10407639200930956764.dll
0x00007ffc2dfe0000 - 0x00007ffc2dfea000 	C:\Users\dell\AppData\Local\Temp\jansi-1.16-15674196414421285080.dll
0x00007ffc0e040000 - 0x00007ffc0e067000 	C:\Program Files\Java\jdk-11.0.2\bin\sunec.dll
0x00007ffc31680000 - 0x00007ffc316f7000 	C:\WINDOWS\System32\fwpuclnt.dll
0x00007ffc313a0000 - 0x00007ffc313aa000 	C:\Windows\System32\rasadhlp.dll
0x00007ffc2de30000 - 0x00007ffc2de3d000 	C:\Program Files\Java\jdk-11.0.2\bin\sunmscapi.dll
0x00007ffc42aa0000 - 0x00007ffc42be9000 	C:\WINDOWS\System32\CRYPT32.dll
0x00007ffc41f90000 - 0x00007ffc41fa2000 	C:\WINDOWS\System32\MSASN1.dll
0x00007ffc419f0000 - 0x00007ffc41a16000 	C:\WINDOWS\SYSTEM32\ncrypt.dll
0x00007ffc419b0000 - 0x00007ffc419eb000 	C:\WINDOWS\SYSTEM32\NTASN1.dll

dbghelp: loaded successfully - version: 4.0.5 - missing functions: none
symbol engine: initialized successfully - sym options: 0x614 - pdb path: .;C:\Program Files\Java\jdk-11.0.2\bin;C:\WINDOWS\SYSTEM32;C:\WINDOWS\WinSxS\amd64_microsoft.windows.common-controls_6595b64144ccf1df_6.0.18362.720_none_e6beb5c51314836b;C:\Program Files\Java\jdk-11.0.2\bin\server;D:\IDEA\IntelliJ IDEA 2018.3.6\bin;C:\Users\dell\AppData\Local\Temp

VM Arguments:
jvm_args: -Dmaven.multiModuleProjectDirectory=D:\IdeaProjects\tll_ssm -Dmaven.multiModuleProjectDirectory=$M2_HOME -Dmaven.home=D:\Develope\maven\apache-maven-3.5.2 -Dclassworlds.conf=D:\Develope\maven\apache-maven-3.5.2\bin\m2.conf -javaagent:D:\IDEA\IntelliJ IDEA 2018.3.6\lib\idea_rt.jar=61859:D:\IDEA\IntelliJ IDEA 2018.3.6\bin -Dfile.encoding=UTF-8 -Djava.net.preferIPv4Stack=true 
java_command: org.codehaus.classworlds.Launcher -Didea.version=2018.3.6 -s D:\Develope\maven\apache-maven-3.5.2\conf\settings.xml -Dmaven.repo.local=D:\Develope\my_jar\maven_repository install
java_class_path (initial): D:\Develope\maven\apache-maven-3.5.2\boot\plexus-classworlds-2.5.2.jar
Launcher Type: SUN_STANDARD

[Global flags]
     intx CICompilerCount                          = 4                                         {product} {ergonomic}
     uint ConcGCThreads                            = 2                                         {product} {ergonomic}
     uint G1ConcRefinementThreads                  = 8                                         {product} {ergonomic}
   size_t G1HeapRegionSize                         = 1048576                                   {product} {ergonomic}
    uintx GCDrainStackTargetSize                   = 64                                        {product} {ergonomic}
   size_t InitialHeapSize                          = 132120576                                 {product} {ergonomic}
   size_t MarkStackSize                            = 4194304                                   {product} {ergonomic}
   size_t MaxHeapSize                              = 2099249152                                {product} {ergonomic}
   size_t MaxNewSize                               = 1259339776                                {product} {ergonomic}
   size_t MinHeapDeltaBytes                        = 1048576                                   {product} {ergonomic}
    uintx NonNMethodCodeHeapSize                   = 5835340                                {pd product} {ergonomic}
    uintx NonProfiledCodeHeapSize                  = 122911450                              {pd product} {ergonomic}
    uintx ProfiledCodeHeapSize                     = 122911450                              {pd product} {ergonomic}
    uintx ReservedCodeCacheSize                    = 251658240                              {pd product} {ergonomic}
     bool SegmentedCodeCache                       = true                                      {product} {ergonomic}
     bool UseCompressedClassPointers               = true                                 {lp64_product} {ergonomic}
     bool UseCompressedOops                        = true                                 {lp64_product} {ergonomic}
     bool UseG1GC                                  = true                                      {product} {ergonomic}
     bool UseLargePagesIndividualAllocation        = false                                  {pd product} {ergonomic}

Logging:
Log output configuration:
 #0: stdout all=warning uptime,level,tags
 #1: stderr all=off uptime,level,tags

Environment Variables:
JAVA_HOME=C:\Program Files\Java\jdk-11.0.2
_JAVA_OPTIONS=-Djava.net.preferIPv4Stack=true
CLASSPATH=.;C:\Program Files\Java\jdk-11.0.2\lib\dt.jar;C:\Program Files\Java\jdk-11.0.2\lib\tools.jar; 
PATH=D:\Develope\oracle_azb\orcl\bin;C:\Program Files (x86)\Intel\Intel(R) Management Engine Components\iCLS\;C:\Program Files\Intel\Intel(R) Management Engine Components\iCLS\;C:\Windows\system32;C:\Windows;C:\Windows\System32\Wbem;C:\Windows\System32\WindowsPowerShell\v1.0\;C:\Windows\System32\OpenSSH\;C:\Program Files (x86)\Intel\Intel(R) Management Engine Components\DAL;C:\Program Files\Intel\Intel(R) Management Engine Components\DAL;C:\Program Files (x86)\NVIDIA Corporation\PhysX\Common;C:\Program Files\Microsoft SQL Server\110\Tools\Binn\;C:\Program Files (x86)\Common Files\Thunder Network\KanKan\Codecs;C:\Program Files\Intel\WiFi\bin\;C:\Program Files\Common Files\Intel\WirelessCommon\;C:\Program Files\Java\jdk-11.0.2\bin;C:\Program Files\Java\jdk-11.0.2\jre\bin;D:\YSmnq\Nox\bin;C:\WINDOWS\system32;C:\WINDOWS;C:\WINDOWS\System32\Wbem;C:\WINDOWS\System32\WindowsPowerShell\v1.0\;C:\WINDOWS\System32\OpenSSH\;D:\YSmnq\Nox\bin;C:\Users\dell\AppData\Local\Android\Sdk\platform-tools;D:\mysql\bin;D:\Develope\maven\apache-maven-3.5.2\bin;D:\Git\Git\cmd;C:\Program Files\TortoiseGit\bin;D:\Develope\instantclinent\instantclient_12_2;D:\Develope\python\Scripts\;D:\Develope\python\;C:\Program Files (x86)\Microsoft Visual Studio\Common\Tools\WinNT;C:\Program Files (x86)\Microsoft Visual Studio\Common\MSDev98\Bin;C:\Program Files (x86)\Microsoft Visual Studio\Common\Tools;d:\VC\VC98\bin;C:\Users\dell\AppData\Local\Microsoft\WindowsApps;;D:\IDEA\IntelliJ IDEA 2019.1\bin;
USERNAME=dell
OS=Windows_NT
PROCESSOR_IDENTIFIER=Intel64 Family 6 Model 142 Stepping 11, GenuineIntel



---------------  S Y S T E M  ---------------

OS: Windows 10 , 64 bit Build 18362 (10.0.18362.329)

CPU:total 8 (initial active 8) (4 cores per cpu, 2 threads per core) family 6 model 142 stepping 11, cmov, cx8, fxsr, mmx, sse, sse2, sse3, ssse3, sse4.1, sse4.2, popcnt, avx, avx2, aes, clmul, erms, 3dnowpref, lzcnt, ht, tsc, tscinvbit, bmi1, bmi2, adx, fma

Memory: 4k page, system-wide physical 8000M (293M free)
TotalPageFile size 12096M (AvailPageFile size 1M)
current process WorkingSet (physical memory assigned to process): 228M, peak: 233M
current process commit charge ("private bytes"): 303M, peak: 309M

vm_info: Java HotSpot(TM) 64-Bit Server VM (11.0.2+9-LTS) for windows-amd64 JRE (11.0.2+9-LTS), built on Jan 18 2019 05:24:10 by "mach5one" with MS VC++ 15.5 (VS2017)

END.
