#
# There is insufficient memory for the Java Runtime Environment to continue.
# Native memory allocation (malloc) failed to allocate 2097152 bytes for AllocateHeap
# Possible reasons:
#   The system is out of physical RAM or swap space
#   The process is running with CompressedOops enabled, and the Java Heap may be blocking the growth of the native heap
# Possible solutions:
#   Reduce memory load on the system
#   Increase physical memory or swap space
#   Check if swap backing store is full
#   Decrease Java heap size (-Xmx/-Xms)
#   Decrease number of Java threads
#   Decrease Java thread stack sizes (-Xss)
#   Set larger code cache with -XX:ReservedCodeCacheSize=
#   JVM is running with Unscaled Compressed Oops mode in which the Java heap is
#     placed in the first 4GB address space. The Java Heap base address is the
#     maximum limit for the native heap growth. Please use -XX:HeapBaseMinAddress
#     to set the Java Heap base and to place the Java Heap above 4GB virtual address.
# This output file may be truncated or incomplete.
#
#  Out of Memory Error (t:/workspace/open/src/hotspot/share/memory/allocation.cpp:46), pid=18248, tid=13064
#
# JRE version: Java(TM) SE Runtime Environment (11.0.2+9) (build 11.0.2+9-LTS)
# Java VM: Java HotSpot(TM) 64-Bit Server VM (11.0.2+9-LTS, mixed mode, tiered, compressed oops, g1 gc, windows-amd64)
# No core dump will be written. Minidumps are not enabled by default on client versions of Windows
#

---------------  S U M M A R Y ------------

Command Line: -Dmaven.multiModuleProjectDirectory=D:\IdeaProjects\tll_ssm\ssm_web -Dmaven.multiModuleProjectDirectory=$M2_HOME -Dmaven.home=D:\Develope\maven\apache-maven-3.5.2 -Dclassworlds.conf=D:\Develope\maven\apache-maven-3.5.2\bin\m2.conf -javaagent:D:\IDEA\IntelliJ IDEA 2018.3.6\lib\idea_rt.jar=61895:D:\IDEA\IntelliJ IDEA 2018.3.6\bin -Dfile.encoding=UTF-8 -Djava.net.preferIPv4Stack=true org.codehaus.classworlds.Launcher -Didea.version=2018.3.6 -s D:\Develope\maven\apache-maven-3.5.2\conf\settings.xml -Dmaven.repo.local=D:\Develope\my_jar\maven_repository tomcat7:run

Host: Intel(R) Core(TM) i5-8265U CPU @ 1.60GHz, 8 cores, 7G,  Windows 10 , 64 bit Build 18362 (10.0.18362.329)
Time: Tue Mar 31 19:48:24 2020 ?D1¨²¡À¨º¡Á?¨º¡À?? elapsed time: 10 seconds (0d 0h 0m 10s)

---------------  T H R E A D  ---------------

Current thread (0x0000022849144000):  VMThread "VM Thread" [stack: 0x0000003538200000,0x0000003538300000] [id=13064]

Stack: [0x0000003538200000,0x0000003538300000]
[error occurred during error reporting (printing stack bounds), id 0xc0000005, EXCEPTION_ACCESS_VIOLATION (0xc0000005) at pc=0x0000022832970bad]

Native frames: (J=compiled Java code, j=interpreted, Vv=VM code, C=native code)
V  [jvm.dll+0x63574a]
V  [jvm.dll+0x77326f]
V  [jvm.dll+0x77491a]
V  [jvm.dll+0x774f35]
V  [jvm.dll+0x774eeb]
V  [jvm.dll+0x634e56]
V  [jvm.dll+0x635218]
C  [ntdll.dll+0xa121f]
C  [ntdll.dll+0x6a289]
C  [ntdll.dll+0x9fe8e]
C  0x0000022832970bad

VM_Operation (0x0000003537cfdd50): G1CollectFull, mode: safepoint, requested by thread 0x000002282a64d000


---------------  P R O C E S S  ---------------

Threads class SMR info:
_java_thread_list=0x000002284af4b5b0, length=13, elements={
0x000002282a64d000, 0x0000022849168800, 0x0000022849169800, 0x000002284918d000,
0x000002284918e000, 0x00000228499db800, 0x00000228499e0800, 0x00000228499ef000,
0x0000022849100000, 0x0000022849c5e000, 0x0000022849c5e800, 0x000002284b495000,
0x000002284afae000
}

Java Threads: ( => current thread )
  0x000002282a64d000 JavaThread "main" [_thread_blocked, id=16604, stack(0x0000003537c00000,0x0000003537d00000)]
  0x0000022849168800 JavaThread "Reference Handler" daemon [_thread_blocked, id=10040, stack(0x0000003538300000,0x0000003538400000)]
  0x0000022849169800 JavaThread "Finalizer" daemon [_thread_blocked, id=12724, stack(0x0000003538400000,0x0000003538500000)]
  0x000002284918d000 JavaThread "Signal Dispatcher" daemon [_thread_blocked, id=17008, stack(0x0000003538500000,0x0000003538600000)]
  0x000002284918e000 JavaThread "Attach Listener" daemon [_thread_blocked, id=17496, stack(0x0000003538600000,0x0000003538700000)]
  0x00000228499db800 JavaThread "C2 CompilerThread0" daemon [_thread_in_native, id=17584, stack(0x0000003538700000,0x0000003538800000)]
  0x00000228499e0800 JavaThread "C1 CompilerThread0" daemon [_thread_blocked, id=2408, stack(0x0000003538800000,0x0000003538900000)]
  0x00000228499ef000 JavaThread "Sweeper thread" daemon [_thread_blocked, id=5192, stack(0x0000003538900000,0x0000003538a00000)]
  0x0000022849100000 JavaThread "Common-Cleaner" daemon [_thread_blocked, id=4984, stack(0x0000003538a00000,0x0000003538b00000)]
  0x0000022849c5e000 JavaThread "Monitor Ctrl-Break" daemon [_thread_in_native, id=17956, stack(0x0000003538b00000,0x0000003538c00000)]
  0x0000022849c5e800 JavaThread "Service Thread" daemon [_thread_blocked, id=18216, stack(0x0000003538c00000,0x0000003538d00000)]
  0x000002284b495000 JavaThread "C2 CompilerThread1" daemon [_thread_in_native, id=19188, stack(0x0000003538e00000,0x0000003538f00000)]
  0x000002284afae000 JavaThread "C2 CompilerThread2" daemon [_thread_blocked, id=17324, stack(0x0000003539200000,0x0000003539300000)]

Other Threads:
=>0x0000022849144000 VMThread "VM Thread" [stack: 0x0000003538200000,0x0000003538300000] [id=13064]
  0x0000022849c63800 WatcherThread [stack: 0x0000003538d00000,0x0000003538e00000] [id=9356]
  0x000002282a665000 GCTaskThread "GC Thread#0" [stack: 0x0000003537d00000,0x0000003537e00000] [id=14624]
  0x000002284a2c5800 GCTaskThread "GC Thread#1" [stack: 0x0000003539000000,0x0000003539100000] [id=12104]
  0x000002284ae4e000 GCTaskThread "GC Thread#2" [stack: 0x0000003539100000,0x0000003539200000] [id=17140]
  0x000002282a695000 ConcurrentGCThread "G1 Main Marker" [stack: 0x0000003537e00000,0x0000003537f00000] [id=13868]
  0x000002282a696000 ConcurrentGCThread "G1 Conc#0" [stack: 0x0000003537f00000,0x0000003538000000] [id=7504]
  0x000002284b194800 ConcurrentGCThread "G1 Conc#1" [stack: 0x0000003538f00000,0x0000003539000000] [id=13264]
  0x000002282a71e000 ConcurrentGCThread "G1 Refine#0" [stack: 0x0000003538000000,0x0000003538100000] [id=5740]
  0x0000022848fa0800 ConcurrentGCThread "G1 Young RemSet Sampling" [stack: 0x0000003538100000,0x0000003538200000] [id=8928]

Threads with active compile tasks:
C2 CompilerThread03098       4       org.eclipse.sisu.plexus.RealmFilteredBeans$FilteredItr::hasNext (81 bytes)
C2 CompilerThread13161       4       org.codehaus.plexus.util.xml.pull.MXParser::parseAttribute (1641 bytes)
C2 CompilerThread23237       4       java.util.Properties::loadConvert (505 bytes)

VM state:at safepoint (normal execution)

VM Mutex/Monitor currently owned by a thread:  ([mutex/lock_event])
[0x000002282a64aa80] Threads_lock - owner thread: 0x0000022849144000
[0x000002282a64bda0] Heap_lock - owner thread: 0x000002282a64d000

Heap address: 0x0000000082e00000, size: 2002 MB, Compressed Oops mode: 32-bit
Narrow klass base: 0x0000000000000000, Narrow klass shift: 3
Compressed class space size: 1073741824 Address: 0x0000000100000000

Heap:
 garbage-first heap   total 129024K, used 31637K [0x0000000082e00000, 0x0000000100000000)
  region size 1024K, 26 young (26624K), 4 survivors (4096K)
 Metaspace       used 28238K, capacity 28566K, committed 28848K, reserved 1075200K
  class space    used 3101K, capacity 3220K, committed 3328K, reserved 1048576K
Heap Regions: E=young(eden), S=young(survivor), O=old, HS=humongous(starts), HC=humongous(continues), CS=collection set, F=free, A=archive, TAMS=top-at-mark-start (previous, next)
|   0|0x0000000082e00000, 0x0000000082f00000, 0x0000000082f00000|100%| O|  |TAMS 0x0000000082efd600, 0x0000000082e00000| Untracked 
|   1|0x0000000082f00000, 0x0000000083000000, 0x0000000083000000|100%| O|  |TAMS 0x0000000082f00000, 0x0000000082f00000| Untracked 
|   2|0x0000000083000000, 0x0000000083100000, 0x0000000083100000|100%| O|  |TAMS 0x0000000083000000, 0x0000000083000000| Untracked 
|   3|0x0000000083100000, 0x0000000083200000, 0x0000000083200000|100%| O|  |TAMS 0x0000000083100000, 0x0000000083100000| Untracked 
|   4|0x0000000083200000, 0x0000000083300000, 0x0000000083300000|100%| O|  |TAMS 0x0000000083200000, 0x0000000083200000| Untracked 
|   5|0x0000000083300000, 0x0000000083400000, 0x0000000083400000|100%| O|  |TAMS 0x0000000083300000, 0x0000000083300000| Untracked 
|   6|0x0000000083400000, 0x000000008345a000, 0x0000000083500000| 35%| O|  |TAMS 0x0000000083400000, 0x0000000083400000| Untracked 
|   7|0x0000000083500000, 0x0000000083500000, 0x0000000083600000|  0%| F|  |TAMS 0x0000000083500000, 0x0000000083500000| Untracked 
|   8|0x0000000083600000, 0x0000000083600000, 0x0000000083700000|  0%| F|  |TAMS 0x0000000083600000, 0x0000000083600000| Untracked 
|   9|0x0000000083700000, 0x0000000083700000, 0x0000000083800000|  0%| F|  |TAMS 0x0000000083700000, 0x0000000083700000| Untracked 
|  10|0x0000000083800000, 0x0000000083800000, 0x0000000083900000|  0%| F|  |TAMS 0x0000000083800000, 0x0000000083800000| Untracked 
|  11|0x0000000083900000, 0x0000000083900000, 0x0000000083a00000|  0%| F|  |TAMS 0x0000000083900000, 0x0000000083900000| Untracked 
|  12|0x0000000083a00000, 0x0000000083a00000, 0x0000000083b00000|  0%| F|  |TAMS 0x0000000083a00000, 0x0000000083a00000| Untracked 
|  13|0x0000000083b00000, 0x0000000083b00000, 0x0000000083c00000|  0%| F|  |TAMS 0x0000000083b00000, 0x0000000083b00000| Untracked 
|  14|0x0000000083c00000, 0x0000000083c00000, 0x0000000083d00000|  0%| F|  |TAMS 0x0000000083c00000, 0x0000000083c00000| Untracked 
|  15|0x0000000083d00000, 0x0000000083d00000, 0x0000000083e00000|  0%| F|  |TAMS 0x0000000083d00000, 0x0000000083d00000| Untracked 
|  16|0x0000000083e00000, 0x0000000083e00000, 0x0000000083f00000|  0%| F|  |TAMS 0x0000000083e00000, 0x0000000083e00000| Untracked 
|  17|0x0000000083f00000, 0x0000000083f00000, 0x0000000084000000|  0%| F|  |TAMS 0x0000000083f00000, 0x0000000083f00000| Untracked 
|  18|0x0000000084000000, 0x0000000084000000, 0x0000000084100000|  0%| F|  |TAMS 0x0000000084000000, 0x0000000084000000| Untracked 
|  19|0x0000000084100000, 0x0000000084100000, 0x0000000084200000|  0%| F|  |TAMS 0x0000000084100000, 0x0000000084100000| Untracked 
|  20|0x0000000084200000, 0x0000000084200000, 0x0000000084300000|  0%| F|  |TAMS 0x0000000084200000, 0x0000000084200000| Untracked 
|  21|0x0000000084300000, 0x0000000084300000, 0x0000000084400000|  0%| F|  |TAMS 0x0000000084300000, 0x0000000084300000| Untracked 
|  22|0x0000000084400000, 0x0000000084400000, 0x0000000084500000|  0%| F|  |TAMS 0x0000000084400000, 0x0000000084400000| Untracked 
|  23|0x0000000084500000, 0x0000000084500000, 0x0000000084600000|  0%| F|  |TAMS 0x0000000084500000, 0x0000000084500000| Untracked 
|  24|0x0000000084600000, 0x0000000084600000, 0x0000000084700000|  0%| F|  |TAMS 0x0000000084600000, 0x0000000084600000| Untracked 
|  25|0x0000000084700000, 0x0000000084700000, 0x0000000084800000|  0%| F|  |TAMS 0x0000000084700000, 0x0000000084700000| Untracked 
|  26|0x0000000084800000, 0x0000000084800000, 0x0000000084900000|  0%| F|  |TAMS 0x0000000084800000, 0x0000000084800000| Untracked 
|  27|0x0000000084900000, 0x0000000084900000, 0x0000000084a00000|  0%| F|  |TAMS 0x0000000084900000, 0x0000000084900000| Untracked 
|  28|0x0000000084a00000, 0x0000000084a00000, 0x0000000084b00000|  0%| F|  |TAMS 0x0000000084a00000, 0x0000000084a00000| Untracked 
|  29|0x0000000084b00000, 0x0000000084b00000, 0x0000000084c00000|  0%| F|  |TAMS 0x0000000084b00000, 0x0000000084b00000| Untracked 
|  30|0x0000000084c00000, 0x0000000084c00000, 0x0000000084d00000|  0%| F|  |TAMS 0x0000000084c00000, 0x0000000084c00000| Untracked 
|  31|0x0000000084d00000, 0x0000000084d00000, 0x0000000084e00000|  0%| F|  |TAMS 0x0000000084d00000, 0x0000000084d00000| Untracked 
|  32|0x0000000084e00000, 0x0000000084e00000, 0x0000000084f00000|  0%| F|  |TAMS 0x0000000084e00000, 0x0000000084e00000| Untracked 
|  33|0x0000000084f00000, 0x0000000084f00000, 0x0000000085000000|  0%| F|  |TAMS 0x0000000084f00000, 0x0000000084f00000| Untracked 
|  34|0x0000000085000000, 0x0000000085000000, 0x0000000085100000|  0%| F|  |TAMS 0x0000000085000000, 0x0000000085000000| Untracked 
|  35|0x0000000085100000, 0x0000000085100000, 0x0000000085200000|  0%| F|  |TAMS 0x0000000085100000, 0x0000000085100000| Untracked 
|  36|0x0000000085200000, 0x0000000085200000, 0x0000000085300000|  0%| F|  |TAMS 0x0000000085200000, 0x0000000085200000| Untracked 
|  37|0x0000000085300000, 0x0000000085300000, 0x0000000085400000|  0%| F|  |TAMS 0x0000000085300000, 0x0000000085300000| Untracked 
|  38|0x0000000085400000, 0x0000000085400000, 0x0000000085500000|  0%| F|  |TAMS 0x0000000085400000, 0x0000000085400000| Untracked 
|  39|0x0000000085500000, 0x0000000085500000, 0x0000000085600000|  0%| F|  |TAMS 0x0000000085500000, 0x0000000085500000| Untracked 
|  40|0x0000000085600000, 0x0000000085600000, 0x0000000085700000|  0%| F|  |TAMS 0x0000000085600000, 0x0000000085600000| Untracked 
|  41|0x0000000085700000, 0x0000000085700000, 0x0000000085800000|  0%| F|  |TAMS 0x0000000085700000, 0x0000000085700000| Untracked 
|  42|0x0000000085800000, 0x0000000085800000, 0x0000000085900000|  0%| F|  |TAMS 0x0000000085800000, 0x0000000085800000| Untracked 
|  43|0x0000000085900000, 0x0000000085900000, 0x0000000085a00000|  0%| F|  |TAMS 0x0000000085900000, 0x0000000085900000| Untracked 
|  44|0x0000000085a00000, 0x0000000085a00000, 0x0000000085b00000|  0%| F|  |TAMS 0x0000000085a00000, 0x0000000085a00000| Untracked 
|  45|0x0000000085b00000, 0x0000000085b00000, 0x0000000085c00000|  0%| F|  |TAMS 0x0000000085b00000, 0x0000000085b00000| Untracked 
|  46|0x0000000085c00000, 0x0000000085c00000, 0x0000000085d00000|  0%| F|  |TAMS 0x0000000085c00000, 0x0000000085c00000| Untracked 
|  47|0x0000000085d00000, 0x0000000085d00000, 0x0000000085e00000|  0%| F|  |TAMS 0x0000000085d00000, 0x0000000085d00000| Untracked 
|  48|0x0000000085e00000, 0x0000000085e00000, 0x0000000085f00000|  0%| F|  |TAMS 0x0000000085e00000, 0x0000000085e00000| Untracked 
|  49|0x0000000085f00000, 0x0000000085f00000, 0x0000000086000000|  0%| F|  |TAMS 0x0000000085f00000, 0x0000000085f00000| Untracked 
|  50|0x0000000086000000, 0x0000000086000000, 0x0000000086100000|  0%| F|  |TAMS 0x0000000086000000, 0x0000000086000000| Untracked 
|  51|0x0000000086100000, 0x0000000086100000, 0x0000000086200000|  0%| F|  |TAMS 0x0000000086100000, 0x0000000086100000| Untracked 
|  52|0x0000000086200000, 0x0000000086200000, 0x0000000086300000|  0%| F|  |TAMS 0x0000000086200000, 0x0000000086200000| Untracked 
|  53|0x0000000086300000, 0x0000000086300000, 0x0000000086400000|  0%| F|  |TAMS 0x0000000086300000, 0x0000000086300000| Untracked 
|  54|0x0000000086400000, 0x0000000086400000, 0x0000000086500000|  0%| F|  |TAMS 0x0000000086400000, 0x0000000086400000| Untracked 
|  55|0x0000000086500000, 0x0000000086500000, 0x0000000086600000|  0%| F|  |TAMS 0x0000000086500000, 0x0000000086500000| Untracked 
|  56|0x0000000086600000, 0x0000000086600000, 0x0000000086700000|  0%| F|  |TAMS 0x0000000086600000, 0x0000000086600000| Untracked 
|  57|0x0000000086700000, 0x0000000086700000, 0x0000000086800000|  0%| F|  |TAMS 0x0000000086700000, 0x0000000086700000| Untracked 
|  58|0x0000000086800000, 0x0000000086800000, 0x0000000086900000|  0%| F|  |TAMS 0x0000000086800000, 0x0000000086800000| Untracked 
|  59|0x0000000086900000, 0x0000000086900000, 0x0000000086a00000|  0%| F|  |TAMS 0x0000000086900000, 0x0000000086900000| Untracked 
|  60|0x0000000086a00000, 0x0000000086a00000, 0x0000000086b00000|  0%| F|  |TAMS 0x0000000086a00000, 0x0000000086a00000| Untracked 
|  61|0x0000000086b00000, 0x0000000086b00000, 0x0000000086c00000|  0%| F|  |TAMS 0x0000000086b00000, 0x0000000086b00000| Untracked 
|  62|0x0000000086c00000, 0x0000000086c00000, 0x0000000086d00000|  0%| F|  |TAMS 0x0000000086c00000, 0x0000000086c00000| Untracked 
|  63|0x0000000086d00000, 0x0000000086d00000, 0x0000000086e00000|  0%| F|  |TAMS 0x0000000086d00000, 0x0000000086d00000| Untracked 
|  64|0x0000000086e00000, 0x0000000086e00000, 0x0000000086f00000|  0%| F|  |TAMS 0x0000000086e00000, 0x0000000086e00000| Untracked 
|  65|0x0000000086f00000, 0x0000000086f00000, 0x0000000087000000|  0%| F|  |TAMS 0x0000000086f00000, 0x0000000086f00000| Untracked 
|  66|0x0000000087000000, 0x0000000087000000, 0x0000000087100000|  0%| F|  |TAMS 0x0000000087000000, 0x0000000087000000| Untracked 
|  67|0x0000000087100000, 0x0000000087100000, 0x0000000087200000|  0%| F|  |TAMS 0x0000000087100000, 0x0000000087100000| Untracked 
|  68|0x0000000087200000, 0x0000000087200000, 0x0000000087300000|  0%| F|  |TAMS 0x0000000087200000, 0x0000000087200000| Untracked 
|  69|0x0000000087300000, 0x0000000087300000, 0x0000000087400000|  0%| F|  |TAMS 0x0000000087300000, 0x0000000087300000| Untracked 
|  70|0x0000000087400000, 0x0000000087400000, 0x0000000087500000|  0%| F|  |TAMS 0x0000000087400000, 0x0000000087400000| Untracked 
|  71|0x0000000087500000, 0x0000000087500000, 0x0000000087600000|  0%| F|  |TAMS 0x0000000087500000, 0x0000000087500000| Untracked 
|  72|0x0000000087600000, 0x0000000087600000, 0x0000000087700000|  0%| F|  |TAMS 0x0000000087600000, 0x0000000087600000| Untracked 
|  73|0x0000000087700000, 0x0000000087700000, 0x0000000087800000|  0%| F|  |TAMS 0x0000000087700000, 0x0000000087700000| Untracked 
|  74|0x0000000087800000, 0x0000000087800000, 0x0000000087900000|  0%| F|  |TAMS 0x0000000087800000, 0x0000000087800000| Untracked 
|  75|0x0000000087900000, 0x0000000087900000, 0x0000000087a00000|  0%| F|  |TAMS 0x0000000087900000, 0x0000000087900000| Untracked 
|  76|0x0000000087a00000, 0x0000000087a00000, 0x0000000087b00000|  0%| F|  |TAMS 0x0000000087a00000, 0x0000000087a00000| Untracked 
|  77|0x0000000087b00000, 0x0000000087b00000, 0x0000000087c00000|  0%| F|  |TAMS 0x0000000087b00000, 0x0000000087b00000| Untracked 
|  78|0x0000000087c00000, 0x0000000087c00000, 0x0000000087d00000|  0%| F|  |TAMS 0x0000000087c00000, 0x0000000087c00000| Untracked 
|  79|0x0000000087d00000, 0x0000000087d00000, 0x0000000087e00000|  0%| F|  |TAMS 0x0000000087d00000, 0x0000000087d00000| Untracked 
|  80|0x0000000087e00000, 0x0000000087e00000, 0x0000000087f00000|  0%| F|  |TAMS 0x0000000087e00000, 0x0000000087e00000| Untracked 
|  81|0x0000000087f00000, 0x0000000087f00000, 0x0000000088000000|  0%| F|  |TAMS 0x0000000087f00000, 0x0000000087f00000| Untracked 
|  82|0x0000000088000000, 0x0000000088000000, 0x0000000088100000|  0%| F|  |TAMS 0x0000000088000000, 0x0000000088000000| Untracked 
|  83|0x0000000088100000, 0x0000000088100000, 0x0000000088200000|  0%| F|  |TAMS 0x0000000088100000, 0x0000000088100000| Untracked 
|  84|0x0000000088200000, 0x0000000088200000, 0x0000000088300000|  0%| F|  |TAMS 0x0000000088200000, 0x0000000088200000| Untracked 
|  85|0x0000000088300000, 0x0000000088300000, 0x0000000088400000|  0%| F|  |TAMS 0x0000000088300000, 0x0000000088300000| Untracked 
|  86|0x0000000088400000, 0x0000000088400000, 0x0000000088500000|  0%| F|  |TAMS 0x0000000088400000, 0x0000000088400000| Untracked 
|  87|0x0000000088500000, 0x0000000088500000, 0x0000000088600000|  0%| F|  |TAMS 0x0000000088500000, 0x0000000088500000| Untracked 
|  88|0x0000000088600000, 0x0000000088600000, 0x0000000088700000|  0%| F|  |TAMS 0x0000000088600000, 0x0000000088600000| Untracked 
|  89|0x0000000088700000, 0x0000000088700000, 0x0000000088800000|  0%| F|  |TAMS 0x0000000088700000, 0x0000000088700000| Untracked 
|  90|0x0000000088800000, 0x0000000088800000, 0x0000000088900000|  0%| F|  |TAMS 0x0000000088800000, 0x0000000088800000| Untracked 
|  91|0x0000000088900000, 0x0000000088900000, 0x0000000088a00000|  0%| F|  |TAMS 0x0000000088900000, 0x0000000088900000| Untracked 
|  92|0x0000000088a00000, 0x0000000088a00000, 0x0000000088b00000|  0%| F|  |TAMS 0x0000000088a00000, 0x0000000088a00000| Untracked 
|  93|0x0000000088b00000, 0x0000000088b00000, 0x0000000088c00000|  0%| F|  |TAMS 0x0000000088b00000, 0x0000000088b00000| Untracked 
|  94|0x0000000088c00000, 0x0000000088c00000, 0x0000000088d00000|  0%| F|  |TAMS 0x0000000088c00000, 0x0000000088c00000| Untracked 
|  95|0x0000000088d00000, 0x0000000088d00000, 0x0000000088e00000|  0%| F|  |TAMS 0x0000000088d00000, 0x0000000088d00000| Untracked 
|  96|0x0000000088e00000, 0x0000000088e00000, 0x0000000088f00000|  0%| F|  |TAMS 0x0000000088e00000, 0x0000000088e00000| Untracked 
|  97|0x0000000088f00000, 0x0000000088f00000, 0x0000000089000000|  0%| F|  |TAMS 0x0000000088f00000, 0x0000000088f00000| Untracked 
|  98|0x0000000089000000, 0x000000008908b610, 0x0000000089100000| 54%| S|CS|TAMS 0x0000000089000000, 0x0000000089000000| Complete 
|  99|0x0000000089100000, 0x0000000089200000, 0x0000000089200000|100%| S|CS|TAMS 0x0000000089100000, 0x0000000089100000| Complete 
| 100|0x0000000089200000, 0x0000000089300000, 0x0000000089300000|100%| S|CS|TAMS 0x0000000089200000, 0x0000000089200000| Complete 
| 101|0x0000000089300000, 0x0000000089400000, 0x0000000089400000|100%| S|CS|TAMS 0x0000000089300000, 0x0000000089300000| Complete 
| 102|0x0000000089400000, 0x0000000089400000, 0x0000000089500000|  0%| F|  |TAMS 0x0000000089400000, 0x0000000089400000| Untracked 
| 103|0x0000000089500000, 0x0000000089500000, 0x0000000089600000|  0%| F|  |TAMS 0x0000000089500000, 0x0000000089500000| Untracked 
| 104|0x0000000089600000, 0x0000000089700000, 0x0000000089700000|100%| E|  |TAMS 0x0000000089600000, 0x0000000089600000| Complete 
| 105|0x0000000089700000, 0x0000000089800000, 0x0000000089800000|100%| E|CS|TAMS 0x0000000089700000, 0x0000000089700000| Complete 
| 106|0x0000000089800000, 0x0000000089900000, 0x0000000089900000|100%| E|CS|TAMS 0x0000000089800000, 0x0000000089800000| Complete 
| 107|0x0000000089900000, 0x0000000089a00000, 0x0000000089a00000|100%| E|CS|TAMS 0x0000000089900000, 0x0000000089900000| Complete 
| 108|0x0000000089a00000, 0x0000000089b00000, 0x0000000089b00000|100%| E|CS|TAMS 0x0000000089a00000, 0x0000000089a00000| Complete 
| 109|0x0000000089b00000, 0x0000000089c00000, 0x0000000089c00000|100%| E|CS|TAMS 0x0000000089b00000, 0x0000000089b00000| Complete 
| 110|0x0000000089c00000, 0x0000000089d00000, 0x0000000089d00000|100%| E|CS|TAMS 0x0000000089c00000, 0x0000000089c00000| Complete 
| 111|0x0000000089d00000, 0x0000000089e00000, 0x0000000089e00000|100%| E|CS|TAMS 0x0000000089d00000, 0x0000000089d00000| Complete 
| 112|0x0000000089e00000, 0x0000000089f00000, 0x0000000089f00000|100%| E|CS|TAMS 0x0000000089e00000, 0x0000000089e00000| Complete 
| 113|0x0000000089f00000, 0x000000008a000000, 0x000000008a000000|100%| E|CS|TAMS 0x0000000089f00000, 0x0000000089f00000| Complete 
| 114|0x000000008a000000, 0x000000008a100000, 0x000000008a100000|100%| E|CS|TAMS 0x000000008a000000, 0x000000008a000000| Complete 
| 115|0x000000008a100000, 0x000000008a200000, 0x000000008a200000|100%| E|CS|TAMS 0x000000008a100000, 0x000000008a100000| Complete 
| 116|0x000000008a200000, 0x000000008a300000, 0x000000008a300000|100%| E|CS|TAMS 0x000000008a200000, 0x000000008a200000| Complete 
| 117|0x000000008a300000, 0x000000008a400000, 0x000000008a400000|100%| E|CS|TAMS 0x000000008a300000, 0x000000008a300000| Complete 
| 118|0x000000008a400000, 0x000000008a500000, 0x000000008a500000|100%| E|CS|TAMS 0x000000008a400000, 0x000000008a400000| Complete 
| 119|0x000000008a500000, 0x000000008a600000, 0x000000008a600000|100%| E|CS|TAMS 0x000000008a500000, 0x000000008a500000| Complete 
| 120|0x000000008a600000, 0x000000008a700000, 0x000000008a700000|100%| E|CS|TAMS 0x000000008a600000, 0x000000008a600000| Complete 
| 121|0x000000008a700000, 0x000000008a800000, 0x000000008a800000|100%| E|CS|TAMS 0x000000008a700000, 0x000000008a700000| Complete 
| 122|0x000000008a800000, 0x000000008a900000, 0x000000008a900000|100%| E|CS|TAMS 0x000000008a800000, 0x000000008a800000| Complete 
| 123|0x000000008a900000, 0x000000008aa00000, 0x000000008aa00000|100%| E|CS|TAMS 0x000000008a900000, 0x000000008a900000| Complete 
| 124|0x000000008aa00000, 0x000000008ab00000, 0x000000008ab00000|100%| E|CS|TAMS 0x000000008aa00000, 0x000000008aa00000| Complete 
| 125|0x000000008ab00000, 0x000000008ac00000, 0x000000008ac00000|100%| E|CS|TAMS 0x000000008ab00000, 0x000000008ab00000| Complete 

Card table byte_map: [0x0000022842090000,0x0000022842480000] _byte_map_base: 0x0000022841c79000

Marking Bits (Prev, Next): (CMBitMap*) 0x000002282a68c3c0, (CMBitMap*) 0x000002282a68c388
 Prev Bits: [0x00000228447c0000, 0x0000022846708000)
 Next Bits: [0x0000022842870000, 0x00000228447b8000)

Polling page: 0x0000022828590000

Metaspace:

Usage:
  Non-class:     24.75 MB capacity,    24.55 MB (>99%) used,   175.14 KB ( <1%) free+waste,    33.88 KB ( <1%) overhead. 
      Class:      3.14 MB capacity,     3.03 MB ( 96%) used,   104.95 KB (  3%) free+waste,    13.31 KB ( <1%) overhead. 
       Both:     27.90 MB capacity,    27.58 MB ( 99%) used,   280.09 KB ( <1%) free+waste,    47.19 KB ( <1%) overhead. 

Virtual space:
  Non-class space:       26.00 MB reserved,      24.92 MB ( 96%) committed 
      Class space:        1.00 GB reserved,       3.25 MB ( <1%) committed 
             Both:        1.03 GB reserved,      28.17 MB (  3%) committed 

Chunk freelists:
   Non-Class:  5.75 KB
       Class:  1.50 KB
        Both:  7.25 KB

CodeHeap 'non-profiled nmethods': size=120000Kb used=1579Kb max_used=1579Kb free=118420Kb
 bounds [0x000002283a440000, 0x000002283a6b0000, 0x0000022841970000]
CodeHeap 'profiled nmethods': size=120000Kb used=6947Kb max_used=6947Kb free=113053Kb
 bounds [0x0000022832f10000, 0x00000228335e0000, 0x000002283a440000]
CodeHeap 'non-nmethods': size=5760Kb used=1144Kb max_used=1173Kb free=4616Kb
 bounds [0x0000022832970000, 0x0000022832be0000, 0x0000022832f10000]
 total_blobs=4515 nmethods=3235 adapters=386
 compilation: enabled
              stopped_count=0, restarted_count=0
 full_count=0

Compilation events (10 events):
Event: 10.527 Thread 0x00000228499e0800 nmethod 3236 0x00000228335d7e90 code [0x00000228335d8040, 0x00000228335d81f8]
Event: 10.535 Thread 0x000002284afae000 3237       4       java.util.Properties::loadConvert (505 bytes)
Event: 10.537 Thread 0x00000228499e0800 3238       3       java.io.FileDescriptor$1::get (5 bytes)
Event: 10.537 Thread 0x00000228499e0800 nmethod 3238 0x00000228335d8310 code [0x00000228335d84c0, 0x00000228335d8618]
Event: 10.540 Thread 0x00000228499e0800 3239       1       org.eclipse.aether.resolution.ArtifactResult::getRequest (5 bytes)
Event: 10.540 Thread 0x00000228499e0800 nmethod 3239 0x000002283a5ca710 code [0x000002283a5ca8c0, 0x000002283a5ca9d8]
Event: 10.543 Thread 0x00000228499e0800 3240       3       java.io.BufferedWriter::ensureOpen (18 bytes)
Event: 10.544 Thread 0x00000228499e0800 nmethod 3240 0x00000228335d8710 code [0x00000228335d88e0, 0x00000228335d8b50]
Event: 10.544 Thread 0x00000228499e0800 3241       1       java.util.Formatter$Flags::valueOf (5 bytes)
Event: 10.544 Thread 0x00000228499e0800 nmethod 3241 0x000002283a5caa90 code [0x000002283a5cac40, 0x000002283a5cad58]

GC Heap History (6 events):
Event: 4.783 GC heap before
{Heap before GC invocations=0 (full 0):
 garbage-first heap   total 129024K, used 24575K [0x0000000082e00000, 0x0000000100000000)
  region size 1024K, 24 young (24576K), 0 survivors (0K)
 Metaspace       used 13715K, capacity 14030K, committed 14336K, reserved 1062912K
  class space    used 1386K, capacity 1465K, committed 1536K, reserved 1048576K
}
Event: 4.796 GC heap after
{Heap after GC invocations=1 (full 0):
 garbage-first heap   total 129024K, used 4085K [0x0000000082e00000, 0x0000000100000000)
  region size 1024K, 3 young (3072K), 3 survivors (3072K)
 Metaspace       used 13715K, capacity 14030K, committed 14336K, reserved 1062912K
  class space    used 1386K, capacity 1465K, committed 1536K, reserved 1048576K
}
Event: 6.787 GC heap before
{Heap before GC invocations=1 (full 0):
 garbage-first heap   total 129024K, used 48117K [0x0000000082e00000, 0x0000000100000000)
  region size 1024K, 47 young (48128K), 3 survivors (3072K)
 Metaspace       used 20822K, capacity 21192K, committed 21296K, reserved 1069056K
  class space    used 2246K, capacity 2387K, committed 2432K, reserved 1048576K
}
Event: 6.816 GC heap after
{Heap after GC invocations=2 (full 0):
 garbage-first heap   total 129024K, used 6789K [0x0000000082e00000, 0x0000000100000000)
  region size 1024K, 6 young (6144K), 6 survivors (6144K)
 Metaspace       used 20822K, capacity 21192K, committed 21296K, reserved 1069056K
  class space    used 2246K, capacity 2387K, committed 2432K, reserved 1048576K
}
Event: 8.701 GC heap before
{Heap before GC invocations=3 (full 0):
 garbage-first heap   total 129024K, used 31365K [0x0000000082e00000, 0x0000000100000000)
  region size 1024K, 30 young (30720K), 6 survivors (6144K)
 Metaspace       used 27603K, capacity 28010K, committed 28208K, reserved 1075200K
  class space    used 3058K, capacity 3184K, committed 3200K, reserved 1048576K
}
Event: 8.739 GC heap after
{Heap after GC invocations=4 (full 0):
 garbage-first heap   total 129024K, used 10133K [0x0000000082e00000, 0x0000000100000000)
  region size 1024K, 4 young (4096K), 4 survivors (4096K)
 Metaspace       used 27603K, capacity 28010K, committed 28208K, reserved 1075200K
  class space    used 3058K, capacity 3184K, committed 3200K, reserved 1048576K
}

Deoptimization events (10 events):
Event: 9.866 Thread 0x000002282a64d000 Uncommon trap: reason=profile_predicate action=maybe_recompile pc=0x000002283a599608 method=java.util.regex.Pattern$CharPropertyGreedy.match(Ljava/util/regex/Matcher;ILjava/lang/CharSequence;)Z @ 12 c2
Event: 9.866 Thread 0x000002282a64d000 Uncommon trap: reason=profile_predicate action=maybe_recompile pc=0x000002283a599608 method=java.util.regex.Pattern$CharPropertyGreedy.match(Ljava/util/regex/Matcher;ILjava/lang/CharSequence;)Z @ 12 c2
Event: 9.866 Thread 0x000002282a64d000 Uncommon trap: reason=profile_predicate action=maybe_recompile pc=0x000002283a599608 method=java.util.regex.Pattern$CharPropertyGreedy.match(Ljava/util/regex/Matcher;ILjava/lang/CharSequence;)Z @ 12 c2
Event: 9.866 Thread 0x000002282a64d000 Uncommon trap: reason=profile_predicate action=maybe_recompile pc=0x000002283a599608 method=java.util.regex.Pattern$CharPropertyGreedy.match(Ljava/util/regex/Matcher;ILjava/lang/CharSequence;)Z @ 12 c2
Event: 10.061 Thread 0x000002282a64d000 Uncommon trap: reason=bimorphic_or_optimized_type_check action=maybe_recompile pc=0x000002283a57db08 method=java.util.regex.Pattern$Start.match(Ljava/util/regex/Matcher;ILjava/lang/CharSequence;)Z @ 44 c2
Event: 10.065 Thread 0x000002282a64d000 Uncommon trap: reason=bimorphic_or_optimized_type_check action=maybe_recompile pc=0x000002283a57db08 method=java.util.regex.Pattern$Start.match(Ljava/util/regex/Matcher;ILjava/lang/CharSequence;)Z @ 44 c2
Event: 10.119 Thread 0x000002282a64d000 Uncommon trap: reason=bimorphic_or_optimized_type_check action=maybe_recompile pc=0x000002283a57db08 method=java.util.regex.Pattern$Start.match(Ljava/util/regex/Matcher;ILjava/lang/CharSequence;)Z @ 44 c2
Event: 10.120 Thread 0x000002282a64d000 Uncommon trap: reason=bimorphic_or_optimized_type_check action=maybe_recompile pc=0x000002283a57db08 method=java.util.regex.Pattern$Start.match(Ljava/util/regex/Matcher;ILjava/lang/CharSequence;)Z @ 44 c2
Event: 10.483 Thread 0x000002282a64d000 Uncommon trap: reason=unstable_if action=reinterpret pc=0x000002283a5c8090 method=java.util.HashMap.getNode(ILjava/lang/Object;)Ljava/util/HashMap$Node; @ 53 c2
Event: 10.483 Thread 0x000002282a64d000 Uncommon trap: reason=unstable_if action=reinterpret pc=0x000002283a4e3a0c method=java.util.HashMap.getNode(ILjava/lang/Object;)Ljava/util/HashMap$Node; @ 53 c2

Classes redefined (0 events):
No events

Internal exceptions (10 events):
Event: 6.966 Thread 0x000002282a64d000 Exception <a 'java/lang/IncompatibleClassChangeError'{0x000000008aaea270}: Found class java.lang.Object, but interface was expected> (0x000000008aaea270) thrown at [t:/workspace/open/src/hotspot/share/interpreter/linkResolver.cpp, line 838]
Event: 6.968 Thread 0x000002282a64d000 Exception <a 'java/lang/NoSuchMethodError'{0x000000008aaeda70}: java.lang.invoke.DirectMethodHandle$Holder.invokeStaticInit(Ljava/lang/Object;Ljava/lang/Object;)V> (0x000000008aaeda70) thrown at [t:/workspace/open/src/hotspot/share/interpreter/linkResolve
Event: 6.973 Thread 0x000002282a64d000 Exception <a 'java/lang/NoSuchMethodError'{0x000000008aaf3638}: java.lang.invoke.DirectMethodHandle$Holder.invokeStaticInit(Ljava/lang/Object;Ljava/lang/Object;)I> (0x000000008aaf3638) thrown at [t:/workspace/open/src/hotspot/share/interpreter/linkResolve
Event: 7.002 Thread 0x000002282a64d000 Exception <a 'sun/nio/fs/WindowsException'{0x000000008a91cf60}> (0x000000008a91cf60) thrown at [t:/workspace/open/src/hotspot/share/prims/jni.cpp, line 615]
Event: 7.446 Thread 0x000002282a64d000 Implicit null exception at 0x000002283a5209f6 to 0x000002283a520d96
Event: 9.055 Thread 0x000002282a64d000 Implicit null exception at 0x000002283a4eaa75 to 0x000002283a4eac42
Event: 9.055 Thread 0x000002282a64d000 Implicit null exception at 0x000002283a45002f to 0x000002283a45009d
Event: 9.309 Thread 0x000002282a64d000 Implicit null exception at 0x000002283a54cc75 to 0x000002283a54ce4e
Event: 9.309 Thread 0x000002282a64d000 Implicit null exception at 0x000002283a522247 to 0x000002283a522336
Event: 9.310 Thread 0x000002282a64d000 Implicit null exception at 0x000002283a4eb6f8 to 0x000002283a4eb78a

Events (10 events):
Event: 10.483 Thread 0x000002282a64d000 DEOPT UNPACKING pc=0x0000022832998f2f sp=0x0000003537cfd398 mode 2
Event: 10.492 loading class org/eclipse/aether/internal/impl/ArtifactRequestBuilder
Event: 10.492 loading class org/eclipse/aether/internal/impl/ArtifactRequestBuilder done
Event: 10.493 loading class org/eclipse/aether/util/graph/visitor/FilteringDependencyVisitor
Event: 10.493 loading class org/eclipse/aether/util/graph/visitor/FilteringDependencyVisitor done
Event: 10.494 loading class org/eclipse/aether/util/graph/visitor/Stack
Event: 10.494 loading class org/eclipse/aether/util/graph/visitor/Stack done
Event: 10.496 loading class org/eclipse/aether/util/graph/visitor/TreeDependencyVisitor
Event: 10.496 loading class org/eclipse/aether/util/graph/visitor/TreeDependencyVisitor done
Event: 10.545 Executing VM operation: G1CollectFull


Dynamic libraries:
0x00007ff7b5820000 - 0x00007ff7b5867000 	C:\Program Files\Java\jdk-11.0.2\bin\java.exe
0x00007ffc45020000 - 0x00007ffc45210000 	C:\WINDOWS\SYSTEM32\ntdll.dll
0x00007ffc43790000 - 0x00007ffc43842000 	C:\WINDOWS\System32\KERNEL32.DLL
0x00007ffc42cf0000 - 0x00007ffc42f93000 	C:\WINDOWS\System32\KERNELBASE.dll
0x00007ffc43530000 - 0x00007ffc435d3000 	C:\WINDOWS\System32\ADVAPI32.dll
0x00007ffc44330000 - 0x00007ffc443ce000 	C:\WINDOWS\System32\msvcrt.dll
0x00007ffc432f0000 - 0x00007ffc43387000 	C:\WINDOWS\System32\sechost.dll
0x00007ffc431d0000 - 0x00007ffc432f0000 	C:\WINDOWS\System32\RPCRT4.dll
0x00007ffc43390000 - 0x00007ffc43524000 	C:\WINDOWS\System32\USER32.dll
0x00007ffc42fa0000 - 0x00007ffc42fc1000 	C:\WINDOWS\System32\win32u.dll
0x00007ffc43850000 - 0x00007ffc43876000 	C:\WINDOWS\System32\GDI32.dll
0x00007ffc42860000 - 0x00007ffc429f4000 	C:\WINDOWS\System32\gdi32full.dll
0x00007ffc42a00000 - 0x00007ffc42a9e000 	C:\WINDOWS\System32\msvcp_win.dll
0x00007ffc42bf0000 - 0x00007ffc42cea000 	C:\WINDOWS\System32\ucrtbase.dll
0x00007ffc2f080000 - 0x00007ffc2f305000 	C:\WINDOWS\WinSxS\amd64_microsoft.windows.common-controls_6595b64144ccf1df_6.0.18362.720_none_e6beb5c51314836b\COMCTL32.dll
0x00007ffc44520000 - 0x00007ffc44856000 	C:\WINDOWS\System32\combase.dll
0x00007ffc43000000 - 0x00007ffc43080000 	C:\WINDOWS\System32\bcryptPrimitives.dll
0x00007ffc36a70000 - 0x00007ffc36a7a000 	C:\WINDOWS\SYSTEM32\VERSION.dll
0x00007ffc44a60000 - 0x00007ffc44a8e000 	C:\WINDOWS\System32\IMM32.DLL
0x00007ffc2e570000 - 0x00007ffc2e586000 	C:\Program Files\Java\jdk-11.0.2\bin\vcruntime140.dll
0x00007ffc08240000 - 0x00007ffc082ea000 	C:\Program Files\Java\jdk-11.0.2\bin\msvcp140.dll
0x00007ffbf00b0000 - 0x00007ffbf0bd7000 	C:\Program Files\Java\jdk-11.0.2\bin\server\jvm.dll
0x00007ffc44a50000 - 0x00007ffc44a58000 	C:\WINDOWS\System32\PSAPI.DLL
0x00007ffc3bb90000 - 0x00007ffc3bbb4000 	C:\WINDOWS\SYSTEM32\WINMM.dll
0x00007ffc24d70000 - 0x00007ffc24d79000 	C:\WINDOWS\SYSTEM32\WSOCK32.dll
0x00007ffc44f00000 - 0x00007ffc44f6f000 	C:\WINDOWS\System32\WS2_32.dll
0x00007ffc3b980000 - 0x00007ffc3b9ad000 	C:\WINDOWS\SYSTEM32\winmmbase.dll
0x00007ffc43080000 - 0x00007ffc430ca000 	C:\WINDOWS\System32\cfgmgr32.dll
0x00007ffc41f70000 - 0x00007ffc41f81000 	C:\WINDOWS\System32\kernel.appcore.dll
0x00007ffc2dff0000 - 0x00007ffc2e001000 	C:\Program Files\Java\jdk-11.0.2\bin\verify.dll
0x00007ffc407f0000 - 0x00007ffc409e4000 	C:\WINDOWS\SYSTEM32\DBGHELP.DLL
0x00007ffc29270000 - 0x00007ffc2929a000 	C:\WINDOWS\SYSTEM32\dbgcore.DLL
0x00007ffc0e990000 - 0x00007ffc0e9b9000 	C:\Program Files\Java\jdk-11.0.2\bin\java.dll
0x00007ffc0e040000 - 0x00007ffc0e06f000 	C:\Program Files\Java\jdk-11.0.2\bin\instrument.dll
0x00007ffc2df60000 - 0x00007ffc2df76000 	C:\Program Files\Java\jdk-11.0.2\bin\zip.dll
0x00007ffc3a130000 - 0x00007ffc3a13a000 	C:\Program Files\Java\jdk-11.0.2\bin\jimage.dll
0x00007ffc43bc0000 - 0x00007ffc442a5000 	C:\WINDOWS\System32\SHELL32.dll
0x00007ffc449a0000 - 0x00007ffc44a49000 	C:\WINDOWS\System32\shcore.dll
0x00007ffc42010000 - 0x00007ffc42790000 	C:\WINDOWS\System32\windows.storage.dll
0x00007ffc41f40000 - 0x00007ffc41f63000 	C:\WINDOWS\System32\profapi.dll
0x00007ffc41ef0000 - 0x00007ffc41f3a000 	C:\WINDOWS\System32\powrprof.dll
0x00007ffc41ee0000 - 0x00007ffc41ef0000 	C:\WINDOWS\System32\UMPDC.dll
0x00007ffc430f0000 - 0x00007ffc43142000 	C:\WINDOWS\System32\shlwapi.dll
0x00007ffc42840000 - 0x00007ffc42857000 	C:\WINDOWS\System32\cryptsp.dll
0x00007ffc23800000 - 0x00007ffc23819000 	C:\Program Files\Java\jdk-11.0.2\bin\net.dll
0x00007ffc37cd0000 - 0x00007ffc37dc1000 	C:\WINDOWS\SYSTEM32\WINHTTP.dll
0x00007ffc2b2e0000 - 0x00007ffc2b4b5000 	C:\WINDOWS\SYSTEM32\urlmon.dll
0x00007ffc2b030000 - 0x00007ffc2b2d6000 	C:\WINDOWS\SYSTEM32\iertutil.dll
0x00007ffc418f0000 - 0x00007ffc418fc000 	C:\WINDOWS\SYSTEM32\CRYPTBASE.DLL
0x00007ffc41720000 - 0x00007ffc41787000 	C:\WINDOWS\system32\mswsock.dll
0x00007ffc194e0000 - 0x00007ffc194f3000 	C:\Program Files\Java\jdk-11.0.2\bin\nio.dll
0x00007ffc12620000 - 0x00007ffc1263a000 	D:\IDEA\IntelliJ IDEA 2018.3.6\bin\breakgen64.dll
0x00007ffc41290000 - 0x00007ffc412c3000 	C:\WINDOWS\system32\rsaenh.dll
0x00007ffc42fd0000 - 0x00007ffc42ff6000 	C:\WINDOWS\System32\bcrypt.dll
0x00007ffc41e00000 - 0x00007ffc41e25000 	C:\WINDOWS\SYSTEM32\USERENV.dll
0x00007ffc41430000 - 0x00007ffc4146a000 	C:\WINDOWS\SYSTEM32\IPHLPAPI.DLL
0x00007ffc44f70000 - 0x00007ffc44f78000 	C:\WINDOWS\System32\NSI.dll
0x00007ffc31aa0000 - 0x00007ffc31ab6000 	C:\WINDOWS\SYSTEM32\dhcpcsvc6.DLL
0x00007ffc31a80000 - 0x00007ffc31a9c000 	C:\WINDOWS\SYSTEM32\dhcpcsvc.DLL
0x00007ffc41470000 - 0x00007ffc4153a000 	C:\WINDOWS\SYSTEM32\DNSAPI.dll
0x00007ffc2e6a0000 - 0x00007ffc2e6aa000 	C:\Users\dell\AppData\Local\Temp\jansi-1.16-15186057291458765010.dll
0x00007ffc2dfe0000 - 0x00007ffc2dfea000 	C:\Users\dell\AppData\Local\Temp\jansi-1.16-1511810765685405699.dll
0x00007ffc0d320000 - 0x00007ffc0d347000 	C:\Program Files\Java\jdk-11.0.2\bin\sunec.dll
0x00007ffc31680000 - 0x00007ffc316f7000 	C:\WINDOWS\System32\fwpuclnt.dll
0x00007ffc313a0000 - 0x00007ffc313aa000 	C:\Windows\System32\rasadhlp.dll
0x00007ffc2de30000 - 0x00007ffc2de3d000 	C:\Program Files\Java\jdk-11.0.2\bin\sunmscapi.dll
0x00007ffc42aa0000 - 0x00007ffc42be9000 	C:\WINDOWS\System32\CRYPT32.dll
0x00007ffc41f90000 - 0x00007ffc41fa2000 	C:\WINDOWS\System32\MSASN1.dll
0x00007ffc419f0000 - 0x00007ffc41a16000 	C:\WINDOWS\SYSTEM32\ncrypt.dll
0x00007ffc419b0000 - 0x00007ffc419eb000 	C:\WINDOWS\SYSTEM32\NTASN1.dll

dbghelp: loaded successfully - version: 4.0.5 - missing functions: none
symbol engine: initialized successfully - sym options: 0x614 - pdb path: .;C:\Program Files\Java\jdk-11.0.2\bin;C:\WINDOWS\SYSTEM32;C:\WINDOWS\WinSxS\amd64_microsoft.windows.common-controls_6595b64144ccf1df_6.0.18362.720_none_e6beb5c51314836b;C:\Program Files\Java\jdk-11.0.2\bin\server;D:\IDEA\IntelliJ IDEA 2018.3.6\bin;C:\Users\dell\AppData\Local\Temp

VM Arguments:
jvm_args: -Dmaven.multiModuleProjectDirectory=D:\IdeaProjects\tll_ssm\ssm_web -Dmaven.multiModuleProjectDirectory=$M2_HOME -Dmaven.home=D:\Develope\maven\apache-maven-3.5.2 -Dclassworlds.conf=D:\Develope\maven\apache-maven-3.5.2\bin\m2.conf -javaagent:D:\IDEA\IntelliJ IDEA 2018.3.6\lib\idea_rt.jar=61895:D:\IDEA\IntelliJ IDEA 2018.3.6\bin -Dfile.encoding=UTF-8 -Djava.net.preferIPv4Stack=true 
java_command: org.codehaus.classworlds.Launcher -Didea.version=2018.3.6 -s D:\Develope\maven\apache-maven-3.5.2\conf\settings.xml -Dmaven.repo.local=D:\Develope\my_jar\maven_repository tomcat7:run
java_class_path (initial): D:\Develope\maven\apache-maven-3.5.2\boot\plexus-classworlds-2.5.2.jar
Launcher Type: SUN_STANDARD

[Global flags]
     intx CICompilerCount                          = 4                                         {product} {ergonomic}
     uint ConcGCThreads                            = 2                                         {product} {ergonomic}
     uint G1ConcRefinementThreads                  = 8                                         {product} {ergonomic}
   size_t G1HeapRegionSize                         = 1048576                                   {product} {ergonomic}
    uintx GCDrainStackTargetSize                   = 64                                        {product} {ergonomic}
   size_t InitialHeapSize                          = 132120576                                 {product} {ergonomic}
   size_t MarkStackSize                            = 4194304                                   {product} {ergonomic}
   size_t MaxHeapSize                              = 2099249152                                {product} {ergonomic}
   size_t MaxNewSize                               = 1259339776                                {product} {ergonomic}
   size_t MinHeapDeltaBytes                        = 1048576                                   {product} {ergonomic}
    uintx NonNMethodCodeHeapSize                   = 5835340                                {pd product} {ergonomic}
    uintx NonProfiledCodeHeapSize                  = 122911450                              {pd product} {ergonomic}
    uintx ProfiledCodeHeapSize                     = 122911450                              {pd product} {ergonomic}
    uintx ReservedCodeCacheSize                    = 251658240                              {pd product} {ergonomic}
     bool SegmentedCodeCache                       = true                                      {product} {ergonomic}
     bool UseCompressedClassPointers               = true                                 {lp64_product} {ergonomic}
     bool UseCompressedOops                        = true                                 {lp64_product} {ergonomic}
     bool UseG1GC                                  = true                                      {product} {ergonomic}
     bool UseLargePagesIndividualAllocation        = false                                  {pd product} {ergonomic}

Logging:
Log output configuration:
 #0: stdout all=warning uptime,level,tags
 #1: stderr all=off uptime,level,tags

Environment Variables:
JAVA_HOME=C:\Program Files\Java\jdk-11.0.2
_JAVA_OPTIONS=-Djava.net.preferIPv4Stack=true
CLASSPATH=.;C:\Program Files\Java\jdk-11.0.2\lib\dt.jar;C:\Program Files\Java\jdk-11.0.2\lib\tools.jar; 
PATH=D:\Develope\oracle_azb\orcl\bin;C:\Program Files (x86)\Intel\Intel(R) Management Engine Components\iCLS\;C:\Program Files\Intel\Intel(R) Management Engine Components\iCLS\;C:\Windows\system32;C:\Windows;C:\Windows\System32\Wbem;C:\Windows\System32\WindowsPowerShell\v1.0\;C:\Windows\System32\OpenSSH\;C:\Program Files (x86)\Intel\Intel(R) Management Engine Components\DAL;C:\Program Files\Intel\Intel(R) Management Engine Components\DAL;C:\Program Files (x86)\NVIDIA Corporation\PhysX\Common;C:\Program Files\Microsoft SQL Server\110\Tools\Binn\;C:\Program Files (x86)\Common Files\Thunder Network\KanKan\Codecs;C:\Program Files\Intel\WiFi\bin\;C:\Program Files\Common Files\Intel\WirelessCommon\;C:\Program Files\Java\jdk-11.0.2\bin;C:\Program Files\Java\jdk-11.0.2\jre\bin;D:\YSmnq\Nox\bin;C:\WINDOWS\system32;C:\WINDOWS;C:\WINDOWS\System32\Wbem;C:\WINDOWS\System32\WindowsPowerShell\v1.0\;C:\WINDOWS\System32\OpenSSH\;D:\YSmnq\Nox\bin;C:\Users\dell\AppData\Local\Android\Sdk\platform-tools;D:\mysql\bin;D:\Develope\maven\apache-maven-3.5.2\bin;D:\Git\Git\cmd;C:\Program Files\TortoiseGit\bin;D:\Develope\instantclinent\instantclient_12_2;D:\Develope\python\Scripts\;D:\Develope\python\;C:\Program Files (x86)\Microsoft Visual Studio\Common\Tools\WinNT;C:\Program Files (x86)\Microsoft Visual Studio\Common\MSDev98\Bin;C:\Program Files (x86)\Microsoft Visual Studio\Common\Tools;d:\VC\VC98\bin;C:\Users\dell\AppData\Local\Microsoft\WindowsApps;;D:\IDEA\IntelliJ IDEA 2019.1\bin;
USERNAME=dell
OS=Windows_NT
PROCESSOR_IDENTIFIER=Intel64 Family 6 Model 142 Stepping 11, GenuineIntel



---------------  S Y S T E M  ---------------

OS: Windows 10 , 64 bit Build 18362 (10.0.18362.329)

CPU:total 8 (initial active 8) (4 cores per cpu, 2 threads per core) family 6 model 142 stepping 11, cmov, cx8, fxsr, mmx, sse, sse2, sse3, ssse3, sse4.1, sse4.2, popcnt, avx, avx2, aes, clmul, erms, 3dnowpref, lzcnt, ht, tsc, tscinvbit, bmi1, bmi2, adx, fma

Memory: 4k page, system-wide physical 8000M (331M free)
TotalPageFile size 12096M (AvailPageFile size 5M)
current process WorkingSet (physical memory assigned to process): 167M, peak: 170M
current process commit charge ("private bytes"): 278M, peak: 281M

vm_info: Java HotSpot(TM) 64-Bit Server VM (11.0.2+9-LTS) for windows-amd64 JRE (11.0.2+9-LTS), built on Jan 18 2019 05:24:10 by "mach5one" with MS VC++ 15.5 (VS2017)

END.
